[2026-02-03T20:00:29.868+0000] {manager.py:470} INFO - Processing files using up to 2 processes at a time 
[2026-02-03T20:00:29.868+0000] {manager.py:471} INFO - Process each file at most once every 30 seconds
[2026-02-03T20:00:29.868+0000] {manager.py:472} INFO - Checking for new files in /opt/airflow/dags every 300 seconds
[2026-02-03T20:00:29.868+0000] {manager.py:737} INFO - Searching for files in /opt/airflow/dags
[2026-02-03T20:00:29.869+0000] {manager.py:740} INFO - There are 0 files in /opt/airflow/dags
[2026-02-03T20:05:30.231+0000] {manager.py:737} INFO - Searching for files in /opt/airflow/dags
[2026-02-03T20:05:30.232+0000] {manager.py:740} INFO - There are 1 files in /opt/airflow/dags
[2026-02-03T20:05:31.267+0000] {manager.py:878} INFO - 
================================================================================
DAG File Processing Stats

File Path                                          PID  Runtime      # DAGs    # Errors  Last Runtime    Last Run
-----------------------------------------------  -----  ---------  --------  ----------  --------------  ----------
/opt/airflow/dags/iot_temperature_processing.py     37  1.01s             0           0
================================================================================
[2026-02-03T20:06:01.402+0000] {manager.py:878} INFO - 
================================================================================
DAG File Processing Stats

File Path                                          PID  Runtime      # DAGs    # Errors  Last Runtime    Last Run
-----------------------------------------------  -----  ---------  --------  ----------  --------------  -------------------
/opt/airflow/dags/iot_temperature_processing.py     39  0.00s             1           0  1.12s           2026-02-03T20:05:31
================================================================================
[2026-02-03T20:06:31.611+0000] {manager.py:878} INFO - 
================================================================================
DAG File Processing Stats

File Path                                        PID    Runtime      # DAGs    # Errors  Last Runtime    Last Run
-----------------------------------------------  -----  ---------  --------  ----------  --------------  -------------------
/opt/airflow/dags/iot_temperature_processing.py                           1           0  0.30s           2026-02-03T20:06:01
================================================================================
[2026-02-03T20:07:01.924+0000] {manager.py:878} INFO - 
================================================================================
DAG File Processing Stats

File Path                                        PID    Runtime      # DAGs    # Errors  Last Runtime    Last Run
-----------------------------------------------  -----  ---------  --------  ----------  --------------  -------------------
/opt/airflow/dags/iot_temperature_processing.py                           1           0  0.30s           2026-02-03T20:06:32
================================================================================
[2026-02-03T20:07:32.336+0000] {manager.py:878} INFO - 
================================================================================
DAG File Processing Stats

File Path                                        PID    Runtime      # DAGs    # Errors  Last Runtime    Last Run
-----------------------------------------------  -----  ---------  --------  ----------  --------------  -------------------
/opt/airflow/dags/iot_temperature_processing.py                           1           0  0.41s           2026-02-03T20:07:02
================================================================================
[2026-02-03T20:08:02.878+0000] {manager.py:878} INFO - 
================================================================================
DAG File Processing Stats

File Path                                        PID    Runtime      # DAGs    # Errors  Last Runtime    Last Run
-----------------------------------------------  -----  ---------  --------  ----------  --------------  -------------------
/opt/airflow/dags/iot_temperature_processing.py                           1           0  0.39s           2026-02-03T20:07:33
================================================================================
[2026-02-03T20:08:33.403+0000] {manager.py:878} INFO - 
================================================================================
DAG File Processing Stats

File Path                                        PID    Runtime      # DAGs    # Errors  Last Runtime    Last Run
-----------------------------------------------  -----  ---------  --------  ----------  --------------  -------------------
/opt/airflow/dags/iot_temperature_processing.py                           1           0  0.27s           2026-02-03T20:08:03
================================================================================
[2026-02-03T20:09:03.770+0000] {manager.py:878} INFO - 
================================================================================
DAG File Processing Stats

File Path                                        PID    Runtime      # DAGs    # Errors  Last Runtime    Last Run
-----------------------------------------------  -----  ---------  --------  ----------  --------------  -------------------
/opt/airflow/dags/iot_temperature_processing.py                           1           0  0.29s           2026-02-03T20:08:33
================================================================================
[2026-02-03T20:09:34.178+0000] {manager.py:878} INFO - 
================================================================================
DAG File Processing Stats

File Path                                        PID    Runtime      # DAGs    # Errors  Last Runtime    Last Run
-----------------------------------------------  -----  ---------  --------  ----------  --------------  -------------------
/opt/airflow/dags/iot_temperature_processing.py                           1           0  0.28s           2026-02-03T20:09:04
================================================================================
[2026-02-03T20:10:04.592+0000] {manager.py:878} INFO - 
================================================================================
DAG File Processing Stats

File Path                                        PID    Runtime      # DAGs    # Errors  Last Runtime    Last Run
-----------------------------------------------  -----  ---------  --------  ----------  --------------  -------------------
/opt/airflow/dags/iot_temperature_processing.py                           1           0  0.40s           2026-02-03T20:09:34
================================================================================
[2026-02-03T20:10:30.360+0000] {manager.py:737} INFO - Searching for files in /opt/airflow/dags
[2026-02-03T20:10:30.361+0000] {manager.py:740} INFO - There are 1 files in /opt/airflow/dags
[2026-02-03T20:10:35.097+0000] {manager.py:878} INFO - 
================================================================================
DAG File Processing Stats

File Path                                        PID    Runtime      # DAGs    # Errors  Last Runtime    Last Run
-----------------------------------------------  -----  ---------  --------  ----------  --------------  -------------------
/opt/airflow/dags/iot_temperature_processing.py                           1           0  0.29s           2026-02-03T20:10:05
================================================================================
[2026-02-03T20:11:05.531+0000] {manager.py:878} INFO - 
================================================================================
DAG File Processing Stats

File Path                                        PID    Runtime      # DAGs    # Errors  Last Runtime    Last Run
-----------------------------------------------  -----  ---------  --------  ----------  --------------  -------------------
/opt/airflow/dags/iot_temperature_processing.py                           1           0  0.29s           2026-02-03T20:10:35
================================================================================
[2026-02-03T20:11:35.921+0000] {manager.py:878} INFO - 
================================================================================
DAG File Processing Stats

File Path                                        PID    Runtime      # DAGs    # Errors  Last Runtime    Last Run
-----------------------------------------------  -----  ---------  --------  ----------  --------------  -------------------
/opt/airflow/dags/iot_temperature_processing.py                           1           0  0.32s           2026-02-03T20:11:06
================================================================================
[2026-02-03T20:12:06.346+0000] {manager.py:878} INFO - 
================================================================================
DAG File Processing Stats

File Path                                        PID    Runtime      # DAGs    # Errors  Last Runtime    Last Run
-----------------------------------------------  -----  ---------  --------  ----------  --------------  -------------------
/opt/airflow/dags/iot_temperature_processing.py                           1           0  0.43s           2026-02-03T20:11:36
================================================================================
[2026-02-03T20:12:36.893+0000] {manager.py:878} INFO - 
================================================================================
DAG File Processing Stats

File Path                                        PID    Runtime      # DAGs    # Errors  Last Runtime    Last Run
-----------------------------------------------  -----  ---------  --------  ----------  --------------  -------------------
/opt/airflow/dags/iot_temperature_processing.py                           1           0  0.42s           2026-02-03T20:12:07
================================================================================
[2026-02-03T20:13:07.440+0000] {manager.py:878} INFO - 
================================================================================
DAG File Processing Stats

File Path                                        PID    Runtime      # DAGs    # Errors  Last Runtime    Last Run
-----------------------------------------------  -----  ---------  --------  ----------  --------------  -------------------
/opt/airflow/dags/iot_temperature_processing.py                           1           0  0.29s           2026-02-03T20:12:37
================================================================================
[2026-02-03T20:13:37.863+0000] {manager.py:878} INFO - 
================================================================================
DAG File Processing Stats

File Path                                        PID    Runtime      # DAGs    # Errors  Last Runtime    Last Run
-----------------------------------------------  -----  ---------  --------  ----------  --------------  -------------------
/opt/airflow/dags/iot_temperature_processing.py                           1           0  0.35s           2026-02-03T20:13:08
================================================================================
[2026-02-03T20:14:08.301+0000] {manager.py:878} INFO - 
================================================================================
DAG File Processing Stats

File Path                                        PID    Runtime      # DAGs    # Errors  Last Runtime    Last Run
-----------------------------------------------  -----  ---------  --------  ----------  --------------  -------------------
/opt/airflow/dags/iot_temperature_processing.py                           1           0  0.39s           2026-02-03T20:13:38
================================================================================
[2026-02-03T20:14:38.818+0000] {manager.py:878} INFO - 
================================================================================
DAG File Processing Stats

File Path                                        PID    Runtime      # DAGs    # Errors  Last Runtime    Last Run
-----------------------------------------------  -----  ---------  --------  ----------  --------------  -------------------
/opt/airflow/dags/iot_temperature_processing.py                           1           0  0.40s           2026-02-03T20:14:09
================================================================================
[2026-02-03T20:15:09.334+0000] {manager.py:878} INFO - 
================================================================================
DAG File Processing Stats

File Path                                        PID    Runtime      # DAGs    # Errors  Last Runtime    Last Run
-----------------------------------------------  -----  ---------  --------  ----------  --------------  -------------------
/opt/airflow/dags/iot_temperature_processing.py                           1           0  0.39s           2026-02-03T20:14:39
================================================================================
[2026-02-03T20:15:30.823+0000] {manager.py:737} INFO - Searching for files in /opt/airflow/dags
[2026-02-03T20:15:30.824+0000] {manager.py:740} INFO - There are 1 files in /opt/airflow/dags
[2026-02-03T20:15:39.859+0000] {manager.py:878} INFO - 
================================================================================
DAG File Processing Stats

File Path                                        PID    Runtime      # DAGs    # Errors  Last Runtime    Last Run
-----------------------------------------------  -----  ---------  --------  ----------  --------------  -------------------
/opt/airflow/dags/iot_temperature_processing.py                           1           0  0.31s           2026-02-03T20:15:10
================================================================================
[2026-02-03T20:16:10.304+0000] {manager.py:878} INFO - 
================================================================================
DAG File Processing Stats

File Path                                        PID    Runtime      # DAGs    # Errors  Last Runtime    Last Run
-----------------------------------------------  -----  ---------  --------  ----------  --------------  -------------------
/opt/airflow/dags/iot_temperature_processing.py                           1           0  0.30s           2026-02-03T20:15:40
================================================================================
[2026-02-03T20:16:40.712+0000] {manager.py:878} INFO - 
================================================================================
DAG File Processing Stats

File Path                                        PID    Runtime      # DAGs    # Errors  Last Runtime    Last Run
-----------------------------------------------  -----  ---------  --------  ----------  --------------  -------------------
/opt/airflow/dags/iot_temperature_processing.py                           1           0  0.40s           2026-02-03T20:16:10
================================================================================
[2026-02-03T20:17:11.245+0000] {manager.py:878} INFO - 
================================================================================
DAG File Processing Stats

File Path                                        PID    Runtime      # DAGs    # Errors  Last Runtime    Last Run
-----------------------------------------------  -----  ---------  --------  ----------  --------------  -------------------
/opt/airflow/dags/iot_temperature_processing.py                           1           0  0.40s           2026-02-03T20:16:41
================================================================================
[2026-02-03T20:17:41.767+0000] {manager.py:878} INFO - 
================================================================================
DAG File Processing Stats

File Path                                        PID    Runtime      # DAGs    # Errors  Last Runtime    Last Run
-----------------------------------------------  -----  ---------  --------  ----------  --------------  -------------------
/opt/airflow/dags/iot_temperature_processing.py                           1           0  0.29s           2026-02-03T20:17:11
================================================================================
[2026-02-03T20:18:12.164+0000] {manager.py:878} INFO - 
================================================================================
DAG File Processing Stats

File Path                                        PID    Runtime      # DAGs    # Errors  Last Runtime    Last Run
-----------------------------------------------  -----  ---------  --------  ----------  --------------  -------------------
/opt/airflow/dags/iot_temperature_processing.py                           1           0  0.30s           2026-02-03T20:17:42
================================================================================
[2026-02-03T20:18:42.559+0000] {manager.py:878} INFO - 
================================================================================
DAG File Processing Stats

File Path                                        PID    Runtime      # DAGs    # Errors  Last Runtime    Last Run
-----------------------------------------------  -----  ---------  --------  ----------  --------------  -------------------
/opt/airflow/dags/iot_temperature_processing.py                           1           0  0.39s           2026-02-03T20:18:12
================================================================================
[2026-02-03T20:19:13.076+0000] {manager.py:878} INFO - 
================================================================================
DAG File Processing Stats

File Path                                        PID    Runtime      # DAGs    # Errors  Last Runtime    Last Run
-----------------------------------------------  -----  ---------  --------  ----------  --------------  -------------------
/opt/airflow/dags/iot_temperature_processing.py                           1           0  0.38s           2026-02-03T20:18:43
================================================================================
[2026-02-03T20:19:43.580+0000] {manager.py:878} INFO - 
================================================================================
DAG File Processing Stats

File Path                                        PID    Runtime      # DAGs    # Errors  Last Runtime    Last Run
-----------------------------------------------  -----  ---------  --------  ----------  --------------  -------------------
/opt/airflow/dags/iot_temperature_processing.py                           1           0  0.40s           2026-02-03T20:19:13
================================================================================
[2026-02-03T20:20:14.086+0000] {manager.py:878} INFO - 
================================================================================
DAG File Processing Stats

File Path                                        PID    Runtime      # DAGs    # Errors  Last Runtime    Last Run
-----------------------------------------------  -----  ---------  --------  ----------  --------------  -------------------
/opt/airflow/dags/iot_temperature_processing.py                           1           0  0.35s           2026-02-03T20:19:44
================================================================================
[2026-02-03T20:20:30.884+0000] {manager.py:737} INFO - Searching for files in /opt/airflow/dags
[2026-02-03T20:20:30.885+0000] {manager.py:740} INFO - There are 1 files in /opt/airflow/dags
[2026-02-03T20:20:44.556+0000] {manager.py:878} INFO - 
================================================================================
DAG File Processing Stats

File Path                                        PID    Runtime      # DAGs    # Errors  Last Runtime    Last Run
-----------------------------------------------  -----  ---------  --------  ----------  --------------  -------------------
/opt/airflow/dags/iot_temperature_processing.py                           1           0  0.39s           2026-02-03T20:20:14
================================================================================
[2026-02-03T20:21:15.059+0000] {manager.py:878} INFO - 
================================================================================
DAG File Processing Stats

File Path                                        PID    Runtime      # DAGs    # Errors  Last Runtime    Last Run
-----------------------------------------------  -----  ---------  --------  ----------  --------------  -------------------
/opt/airflow/dags/iot_temperature_processing.py                           1           0  0.40s           2026-02-03T20:20:45
================================================================================
[2026-02-03T20:21:45.586+0000] {manager.py:878} INFO - 
================================================================================
DAG File Processing Stats

File Path                                        PID    Runtime      # DAGs    # Errors  Last Runtime    Last Run
-----------------------------------------------  -----  ---------  --------  ----------  --------------  -------------------
/opt/airflow/dags/iot_temperature_processing.py                           1           0  0.46s           2026-02-03T20:21:15
================================================================================
[2026-02-03T20:22:16.175+0000] {manager.py:878} INFO - 
================================================================================
DAG File Processing Stats

File Path                                        PID    Runtime      # DAGs    # Errors  Last Runtime    Last Run
-----------------------------------------------  -----  ---------  --------  ----------  --------------  -------------------
/opt/airflow/dags/iot_temperature_processing.py                           1           0  0.38s           2026-02-03T20:21:46
================================================================================
[2026-02-03T20:22:46.668+0000] {manager.py:878} INFO - 
================================================================================
DAG File Processing Stats

File Path                                        PID    Runtime      # DAGs    # Errors  Last Runtime    Last Run
-----------------------------------------------  -----  ---------  --------  ----------  --------------  -------------------
/opt/airflow/dags/iot_temperature_processing.py                           1           0  0.31s           2026-02-03T20:22:16
================================================================================
[2026-02-03T20:23:17.136+0000] {manager.py:878} INFO - 
================================================================================
DAG File Processing Stats

File Path                                        PID    Runtime      # DAGs    # Errors  Last Runtime    Last Run
-----------------------------------------------  -----  ---------  --------  ----------  --------------  -------------------
/opt/airflow/dags/iot_temperature_processing.py                           1           0  0.41s           2026-02-03T20:22:47
================================================================================
[2026-02-03T20:23:47.631+0000] {manager.py:878} INFO - 
================================================================================
DAG File Processing Stats

File Path                                        PID    Runtime      # DAGs    # Errors  Last Runtime    Last Run
-----------------------------------------------  -----  ---------  --------  ----------  --------------  -------------------
/opt/airflow/dags/iot_temperature_processing.py                           1           0  0.41s           2026-02-03T20:23:17
================================================================================
[2026-02-03T20:24:18.173+0000] {manager.py:878} INFO - 
================================================================================
DAG File Processing Stats

File Path                                        PID    Runtime      # DAGs    # Errors  Last Runtime    Last Run
-----------------------------------------------  -----  ---------  --------  ----------  --------------  -------------------
/opt/airflow/dags/iot_temperature_processing.py                           1           0  0.38s           2026-02-03T20:23:48
================================================================================
[2026-02-03T20:24:48.658+0000] {manager.py:878} INFO - 
================================================================================
DAG File Processing Stats

File Path                                        PID    Runtime      # DAGs    # Errors  Last Runtime    Last Run
-----------------------------------------------  -----  ---------  --------  ----------  --------------  -------------------
/opt/airflow/dags/iot_temperature_processing.py                           1           0  0.41s           2026-02-03T20:24:18
================================================================================
[2026-02-03T20:25:19.199+0000] {manager.py:878} INFO - 
================================================================================
DAG File Processing Stats

File Path                                        PID    Runtime      # DAGs    # Errors  Last Runtime    Last Run
-----------------------------------------------  -----  ---------  --------  ----------  --------------  -------------------
/opt/airflow/dags/iot_temperature_processing.py                           1           0  0.42s           2026-02-03T20:24:49
================================================================================
[2026-02-03T20:25:31.054+0000] {manager.py:737} INFO - Searching for files in /opt/airflow/dags
[2026-02-03T20:25:31.055+0000] {manager.py:740} INFO - There are 1 files in /opt/airflow/dags
[2026-02-03T20:25:49.742+0000] {manager.py:878} INFO - 
================================================================================
DAG File Processing Stats

File Path                                        PID    Runtime      # DAGs    # Errors  Last Runtime    Last Run
-----------------------------------------------  -----  ---------  --------  ----------  --------------  -------------------
/opt/airflow/dags/iot_temperature_processing.py                           1           0  0.40s           2026-02-03T20:25:20
================================================================================
[2026-02-03T20:26:20.269+0000] {manager.py:878} INFO - 
================================================================================
DAG File Processing Stats

File Path                                        PID    Runtime      # DAGs    # Errors  Last Runtime    Last Run
-----------------------------------------------  -----  ---------  --------  ----------  --------------  -------------------
/opt/airflow/dags/iot_temperature_processing.py                           1           0  0.34s           2026-02-03T20:25:50
================================================================================
[2026-02-03T20:26:50.729+0000] {manager.py:878} INFO - 
================================================================================
DAG File Processing Stats

File Path                                        PID    Runtime      # DAGs    # Errors  Last Runtime    Last Run
-----------------------------------------------  -----  ---------  --------  ----------  --------------  -------------------
/opt/airflow/dags/iot_temperature_processing.py                           1           0  0.40s           2026-02-03T20:26:21
================================================================================
[2026-02-03T20:27:21.258+0000] {manager.py:878} INFO - 
================================================================================
DAG File Processing Stats

File Path                                        PID    Runtime      # DAGs    # Errors  Last Runtime    Last Run
-----------------------------------------------  -----  ---------  --------  ----------  --------------  -------------------
/opt/airflow/dags/iot_temperature_processing.py                           1           0  0.42s           2026-02-03T20:26:51
================================================================================
[2026-02-03T20:27:51.284+0000] {manager.py:878} INFO - 
================================================================================
DAG File Processing Stats

File Path                                        PID    Runtime      # DAGs    # Errors  Last Runtime    Last Run
-----------------------------------------------  -----  ---------  --------  ----------  --------------  -------------------
/opt/airflow/dags/iot_temperature_processing.py                           1           0  0.49s           2026-02-03T20:27:22
================================================================================
[2026-02-03T20:28:21.415+0000] {manager.py:878} INFO - 
================================================================================
DAG File Processing Stats

File Path                                        PID    Runtime      # DAGs    # Errors  Last Runtime    Last Run
-----------------------------------------------  -----  ---------  --------  ----------  --------------  -------------------
/opt/airflow/dags/iot_temperature_processing.py                           1           0  0.41s           2026-02-03T20:27:52
================================================================================
[2026-02-03T20:28:51.955+0000] {manager.py:878} INFO - 
================================================================================
DAG File Processing Stats

File Path                                        PID    Runtime      # DAGs    # Errors  Last Runtime    Last Run
-----------------------------------------------  -----  ---------  --------  ----------  --------------  -------------------
/opt/airflow/dags/iot_temperature_processing.py                           1           0  0.46s           2026-02-03T20:28:23
================================================================================
[2026-02-03T20:29:22.534+0000] {manager.py:878} INFO - 
================================================================================
DAG File Processing Stats

File Path                                        PID    Runtime      # DAGs    # Errors  Last Runtime    Last Run
-----------------------------------------------  -----  ---------  --------  ----------  --------------  -------------------
/opt/airflow/dags/iot_temperature_processing.py                           1           0  0.45s           2026-02-03T20:28:53
================================================================================
[2026-02-03T20:29:53.114+0000] {manager.py:878} INFO - 
================================================================================
DAG File Processing Stats

File Path                                        PID    Runtime      # DAGs    # Errors  Last Runtime    Last Run
-----------------------------------------------  -----  ---------  --------  ----------  --------------  -------------------
/opt/airflow/dags/iot_temperature_processing.py                           1           0  0.40s           2026-02-03T20:29:24
================================================================================
[2026-02-03T20:30:23.629+0000] {manager.py:878} INFO - 
================================================================================
DAG File Processing Stats

File Path                                        PID    Runtime      # DAGs    # Errors  Last Runtime    Last Run
-----------------------------------------------  -----  ---------  --------  ----------  --------------  -------------------
/opt/airflow/dags/iot_temperature_processing.py                           1           0  0.44s           2026-02-03T20:30:17
================================================================================
[2026-02-03T20:30:29.581+0000] {manager.py:452} INFO - Exiting gracefully upon receiving signal 15
[2026-02-03T20:32:22.235+0000] {manager.py:470} INFO - Processing files using up to 2 processes at a time 
[2026-02-03T20:32:22.236+0000] {manager.py:471} INFO - Process each file at most once every 30 seconds
[2026-02-03T20:32:22.237+0000] {manager.py:472} INFO - Checking for new files in /opt/airflow/dags every 300 seconds
[2026-02-03T20:32:22.237+0000] {manager.py:737} INFO - Searching for files in /opt/airflow/dags
[2026-02-03T20:32:22.238+0000] {manager.py:740} INFO - There are 1 files in /opt/airflow/dags
[2026-02-03T20:32:22.296+0000] {manager.py:878} INFO - 
================================================================================
DAG File Processing Stats

File Path                                          PID  Runtime      # DAGs    # Errors  Last Runtime    Last Run
-----------------------------------------------  -----  ---------  --------  ----------  --------------  ----------
/opt/airflow/dags/iot_temperature_processing.py     36  0.03s             0           0
================================================================================
[2026-02-03T20:32:52.425+0000] {manager.py:878} INFO - 
================================================================================
DAG File Processing Stats

File Path                                        PID    Runtime      # DAGs    # Errors  Last Runtime    Last Run
-----------------------------------------------  -----  ---------  --------  ----------  --------------  -------------------
/opt/airflow/dags/iot_temperature_processing.py                           1           0  1.14s           2026-02-03T20:32:23
================================================================================
[2026-02-03T20:33:22.643+0000] {manager.py:878} INFO - 
================================================================================
DAG File Processing Stats

File Path                                        PID    Runtime      # DAGs    # Errors  Last Runtime    Last Run
-----------------------------------------------  -----  ---------  --------  ----------  --------------  -------------------
/opt/airflow/dags/iot_temperature_processing.py                           1           0  0.29s           2026-02-03T20:32:53
================================================================================
[2026-02-03T20:33:52.978+0000] {manager.py:878} INFO - 
================================================================================
DAG File Processing Stats

File Path                                        PID    Runtime      # DAGs    # Errors  Last Runtime    Last Run
-----------------------------------------------  -----  ---------  --------  ----------  --------------  -------------------
/opt/airflow/dags/iot_temperature_processing.py                           1           0  0.27s           2026-02-03T20:33:24
================================================================================
[2026-02-03T20:34:23.369+0000] {manager.py:878} INFO - 
================================================================================
DAG File Processing Stats

File Path                                        PID    Runtime      # DAGs    # Errors  Last Runtime    Last Run
-----------------------------------------------  -----  ---------  --------  ----------  --------------  -------------------
/opt/airflow/dags/iot_temperature_processing.py                           1           0  0.28s           2026-02-03T20:33:54
================================================================================
[2026-02-03T20:34:53.769+0000] {manager.py:878} INFO - 
================================================================================
DAG File Processing Stats

File Path                                        PID    Runtime      # DAGs    # Errors  Last Runtime    Last Run
-----------------------------------------------  -----  ---------  --------  ----------  --------------  -------------------
/opt/airflow/dags/iot_temperature_processing.py                           1           0  0.27s           2026-02-03T20:34:24
================================================================================
[2026-02-03T20:35:24.148+0000] {manager.py:878} INFO - 
================================================================================
DAG File Processing Stats

File Path                                        PID    Runtime      # DAGs    # Errors  Last Runtime    Last Run
-----------------------------------------------  -----  ---------  --------  ----------  --------------  -------------------
/opt/airflow/dags/iot_temperature_processing.py                           1           0  0.27s           2026-02-03T20:34:55
================================================================================
[2026-02-03T20:35:54.383+0000] {manager.py:878} INFO - 
================================================================================
DAG File Processing Stats

File Path                                        PID    Runtime      # DAGs    # Errors  Last Runtime    Last Run
-----------------------------------------------  -----  ---------  --------  ----------  --------------  -------------------
/opt/airflow/dags/iot_temperature_processing.py                           1           0  0.27s           2026-02-03T20:35:44
================================================================================
[2026-02-03T20:36:25.102+0000] {manager.py:878} INFO - 
================================================================================
DAG File Processing Stats

File Path                                        PID    Runtime      # DAGs    # Errors  Last Runtime    Last Run
-----------------------------------------------  -----  ---------  --------  ----------  --------------  -------------------
/opt/airflow/dags/iot_temperature_processing.py                           1           0  0.29s           2026-02-03T20:36:22
================================================================================
[2026-02-03T20:36:55.911+0000] {manager.py:878} INFO - 
================================================================================
DAG File Processing Stats

File Path                                        PID    Runtime      # DAGs    # Errors  Last Runtime    Last Run
-----------------------------------------------  -----  ---------  --------  ----------  --------------  -------------------
/opt/airflow/dags/iot_temperature_processing.py                           1           0  0.37s           2026-02-03T20:36:46
================================================================================
[2026-02-03T20:37:22.290+0000] {manager.py:737} INFO - Searching for files in /opt/airflow/dags
[2026-02-03T20:37:22.291+0000] {manager.py:740} INFO - There are 1 files in /opt/airflow/dags
[2026-02-03T20:37:26.063+0000] {manager.py:878} INFO - 
================================================================================
DAG File Processing Stats

File Path                                        PID    Runtime      # DAGs    # Errors  Last Runtime    Last Run
-----------------------------------------------  -----  ---------  --------  ----------  --------------  -------------------
/opt/airflow/dags/iot_temperature_processing.py                           1           0  0.26s           2026-02-03T20:37:17
================================================================================
[2026-02-03T20:37:56.445+0000] {manager.py:878} INFO - 
================================================================================
DAG File Processing Stats

File Path                                        PID    Runtime      # DAGs    # Errors  Last Runtime    Last Run
-----------------------------------------------  -----  ---------  --------  ----------  --------------  -------------------
/opt/airflow/dags/iot_temperature_processing.py                           1           0  0.25s           2026-02-03T20:37:47
================================================================================
[2026-02-03T20:38:26.820+0000] {manager.py:878} INFO - 
================================================================================
DAG File Processing Stats

File Path                                        PID    Runtime      # DAGs    # Errors  Last Runtime    Last Run
-----------------------------------------------  -----  ---------  --------  ----------  --------------  -------------------
/opt/airflow/dags/iot_temperature_processing.py                           1           0  0.29s           2026-02-03T20:38:18
================================================================================
[2026-02-03T20:38:57.224+0000] {manager.py:878} INFO - 
================================================================================
DAG File Processing Stats

File Path                                        PID    Runtime      # DAGs    # Errors  Last Runtime    Last Run
-----------------------------------------------  -----  ---------  --------  ----------  --------------  -------------------
/opt/airflow/dags/iot_temperature_processing.py                           1           0  0.38s           2026-02-03T20:38:48
================================================================================
[2026-02-03T20:39:27.744+0000] {manager.py:878} INFO - 
================================================================================
DAG File Processing Stats

File Path                                        PID    Runtime      # DAGs    # Errors  Last Runtime    Last Run
-----------------------------------------------  -----  ---------  --------  ----------  --------------  -------------------
/opt/airflow/dags/iot_temperature_processing.py                           1           0  0.37s           2026-02-03T20:39:19
================================================================================
[2026-02-03T20:39:58.249+0000] {manager.py:878} INFO - 
================================================================================
DAG File Processing Stats

File Path                                        PID    Runtime      # DAGs    # Errors  Last Runtime    Last Run
-----------------------------------------------  -----  ---------  --------  ----------  --------------  -------------------
/opt/airflow/dags/iot_temperature_processing.py                           1           0  0.40s           2026-02-03T20:39:49
================================================================================
