[2026-02-03T20:05:30.268+0000] {processor.py:161} INFO - Started process (PID=37) to work on /opt/airflow/dags/iot_temperature_processing.py
[2026-02-03T20:05:30.269+0000] {processor.py:830} INFO - Processing file /opt/airflow/dags/iot_temperature_processing.py for tasks to queue
[2026-02-03T20:05:30.270+0000] {logging_mixin.py:188} INFO - [2026-02-03T20:05:30.270+0000] {dagbag.py:545} INFO - Filling up the DagBag from /opt/airflow/dags/iot_temperature_processing.py
[2026-02-03T20:05:31.059+0000] {processor.py:840} INFO - DAG(s) 'iot_temperature_processing' retrieved from /opt/airflow/dags/iot_temperature_processing.py
[2026-02-03T20:05:31.332+0000] {logging_mixin.py:188} INFO - [2026-02-03T20:05:31.332+0000] {override.py:1858} INFO - Created Permission View: can delete on DAG:iot_temperature_processing
[2026-02-03T20:05:31.339+0000] {logging_mixin.py:188} INFO - [2026-02-03T20:05:31.339+0000] {override.py:1858} INFO - Created Permission View: can edit on DAG:iot_temperature_processing
[2026-02-03T20:05:31.344+0000] {logging_mixin.py:188} INFO - [2026-02-03T20:05:31.344+0000] {override.py:1858} INFO - Created Permission View: can read on DAG:iot_temperature_processing
[2026-02-03T20:05:31.344+0000] {logging_mixin.py:188} INFO - [2026-02-03T20:05:31.344+0000] {dag.py:3089} INFO - Sync 1 DAGs
[2026-02-03T20:05:31.351+0000] {logging_mixin.py:188} INFO - [2026-02-03T20:05:31.351+0000] {dag.py:3111} INFO - Creating ORM DAG for iot_temperature_processing
[2026-02-03T20:05:31.357+0000] {logging_mixin.py:188} INFO - [2026-02-03T20:05:31.356+0000] {dag.py:3947} INFO - Setting next_dagrun for iot_temperature_processing to 2026-02-02 02:00:00+00:00, run_after=2026-02-03 02:00:00+00:00
[2026-02-03T20:05:31.371+0000] {processor.py:183} INFO - Processing /opt/airflow/dags/iot_temperature_processing.py took 1.108 seconds
[2026-02-03T20:06:01.409+0000] {processor.py:161} INFO - Started process (PID=39) to work on /opt/airflow/dags/iot_temperature_processing.py
[2026-02-03T20:06:01.414+0000] {processor.py:830} INFO - Processing file /opt/airflow/dags/iot_temperature_processing.py for tasks to queue
[2026-02-03T20:06:01.415+0000] {logging_mixin.py:188} INFO - [2026-02-03T20:06:01.415+0000] {dagbag.py:545} INFO - Filling up the DagBag from /opt/airflow/dags/iot_temperature_processing.py
[2026-02-03T20:06:01.639+0000] {processor.py:840} INFO - DAG(s) 'iot_temperature_processing' retrieved from /opt/airflow/dags/iot_temperature_processing.py
[2026-02-03T20:06:01.663+0000] {logging_mixin.py:188} INFO - [2026-02-03T20:06:01.662+0000] {dag.py:3089} INFO - Sync 1 DAGs
[2026-02-03T20:06:01.679+0000] {logging_mixin.py:188} INFO - [2026-02-03T20:06:01.679+0000] {dag.py:3947} INFO - Setting next_dagrun for iot_temperature_processing to 2026-02-02 02:00:00+00:00, run_after=2026-02-03 02:00:00+00:00
[2026-02-03T20:06:01.695+0000] {processor.py:183} INFO - Processing /opt/airflow/dags/iot_temperature_processing.py took 0.291 seconds
[2026-02-03T20:06:31.820+0000] {processor.py:161} INFO - Started process (PID=41) to work on /opt/airflow/dags/iot_temperature_processing.py
[2026-02-03T20:06:31.825+0000] {processor.py:830} INFO - Processing file /opt/airflow/dags/iot_temperature_processing.py for tasks to queue
[2026-02-03T20:06:31.826+0000] {logging_mixin.py:188} INFO - [2026-02-03T20:06:31.826+0000] {dagbag.py:545} INFO - Filling up the DagBag from /opt/airflow/dags/iot_temperature_processing.py
[2026-02-03T20:06:32.038+0000] {processor.py:840} INFO - DAG(s) 'iot_temperature_processing' retrieved from /opt/airflow/dags/iot_temperature_processing.py
[2026-02-03T20:06:32.063+0000] {logging_mixin.py:188} INFO - [2026-02-03T20:06:32.063+0000] {dag.py:3089} INFO - Sync 1 DAGs
[2026-02-03T20:06:32.081+0000] {logging_mixin.py:188} INFO - [2026-02-03T20:06:32.080+0000] {dag.py:3947} INFO - Setting next_dagrun for iot_temperature_processing to 2026-02-02 02:00:00+00:00, run_after=2026-02-03 02:00:00+00:00
[2026-02-03T20:06:32.100+0000] {processor.py:183} INFO - Processing /opt/airflow/dags/iot_temperature_processing.py took 0.284 seconds
[2026-02-03T20:07:02.222+0000] {processor.py:161} INFO - Started process (PID=43) to work on /opt/airflow/dags/iot_temperature_processing.py
[2026-02-03T20:07:02.227+0000] {processor.py:830} INFO - Processing file /opt/airflow/dags/iot_temperature_processing.py for tasks to queue
[2026-02-03T20:07:02.228+0000] {logging_mixin.py:188} INFO - [2026-02-03T20:07:02.228+0000] {dagbag.py:545} INFO - Filling up the DagBag from /opt/airflow/dags/iot_temperature_processing.py
[2026-02-03T20:07:02.443+0000] {processor.py:840} INFO - DAG(s) 'iot_temperature_processing' retrieved from /opt/airflow/dags/iot_temperature_processing.py
[2026-02-03T20:07:02.465+0000] {logging_mixin.py:188} INFO - [2026-02-03T20:07:02.465+0000] {dag.py:3089} INFO - Sync 1 DAGs
[2026-02-03T20:07:02.480+0000] {logging_mixin.py:188} INFO - [2026-02-03T20:07:02.480+0000] {dag.py:3947} INFO - Setting next_dagrun for iot_temperature_processing to 2026-02-02 02:00:00+00:00, run_after=2026-02-03 02:00:00+00:00
[2026-02-03T20:07:02.618+0000] {processor.py:183} INFO - Processing /opt/airflow/dags/iot_temperature_processing.py took 0.401 seconds
[2026-02-03T20:07:32.761+0000] {processor.py:161} INFO - Started process (PID=45) to work on /opt/airflow/dags/iot_temperature_processing.py
[2026-02-03T20:07:32.765+0000] {processor.py:830} INFO - Processing file /opt/airflow/dags/iot_temperature_processing.py for tasks to queue
[2026-02-03T20:07:32.767+0000] {logging_mixin.py:188} INFO - [2026-02-03T20:07:32.766+0000] {dagbag.py:545} INFO - Filling up the DagBag from /opt/airflow/dags/iot_temperature_processing.py
[2026-02-03T20:07:32.976+0000] {processor.py:840} INFO - DAG(s) 'iot_temperature_processing' retrieved from /opt/airflow/dags/iot_temperature_processing.py
[2026-02-03T20:07:33.004+0000] {logging_mixin.py:188} INFO - [2026-02-03T20:07:33.003+0000] {dag.py:3089} INFO - Sync 1 DAGs
[2026-02-03T20:07:33.123+0000] {logging_mixin.py:188} INFO - [2026-02-03T20:07:33.123+0000] {dag.py:3947} INFO - Setting next_dagrun for iot_temperature_processing to 2026-02-02 02:00:00+00:00, run_after=2026-02-03 02:00:00+00:00
[2026-02-03T20:07:33.140+0000] {processor.py:183} INFO - Processing /opt/airflow/dags/iot_temperature_processing.py took 0.383 seconds
[2026-02-03T20:08:03.276+0000] {processor.py:161} INFO - Started process (PID=47) to work on /opt/airflow/dags/iot_temperature_processing.py
[2026-02-03T20:08:03.281+0000] {processor.py:830} INFO - Processing file /opt/airflow/dags/iot_temperature_processing.py for tasks to queue
[2026-02-03T20:08:03.282+0000] {logging_mixin.py:188} INFO - [2026-02-03T20:08:03.282+0000] {dagbag.py:545} INFO - Filling up the DagBag from /opt/airflow/dags/iot_temperature_processing.py
[2026-02-03T20:08:03.482+0000] {processor.py:840} INFO - DAG(s) 'iot_temperature_processing' retrieved from /opt/airflow/dags/iot_temperature_processing.py
[2026-02-03T20:08:03.504+0000] {logging_mixin.py:188} INFO - [2026-02-03T20:08:03.504+0000] {dag.py:3089} INFO - Sync 1 DAGs
[2026-02-03T20:08:03.520+0000] {logging_mixin.py:188} INFO - [2026-02-03T20:08:03.520+0000] {dag.py:3947} INFO - Setting next_dagrun for iot_temperature_processing to 2026-02-02 02:00:00+00:00, run_after=2026-02-03 02:00:00+00:00
[2026-02-03T20:08:03.533+0000] {processor.py:183} INFO - Processing /opt/airflow/dags/iot_temperature_processing.py took 0.262 seconds
[2026-02-03T20:08:33.665+0000] {processor.py:161} INFO - Started process (PID=49) to work on /opt/airflow/dags/iot_temperature_processing.py
[2026-02-03T20:08:33.667+0000] {processor.py:830} INFO - Processing file /opt/airflow/dags/iot_temperature_processing.py for tasks to queue
[2026-02-03T20:08:33.668+0000] {logging_mixin.py:188} INFO - [2026-02-03T20:08:33.668+0000] {dagbag.py:545} INFO - Filling up the DagBag from /opt/airflow/dags/iot_temperature_processing.py
[2026-02-03T20:08:33.881+0000] {processor.py:840} INFO - DAG(s) 'iot_temperature_processing' retrieved from /opt/airflow/dags/iot_temperature_processing.py
[2026-02-03T20:08:33.903+0000] {logging_mixin.py:188} INFO - [2026-02-03T20:08:33.903+0000] {dag.py:3089} INFO - Sync 1 DAGs
[2026-02-03T20:08:33.920+0000] {logging_mixin.py:188} INFO - [2026-02-03T20:08:33.920+0000] {dag.py:3947} INFO - Setting next_dagrun for iot_temperature_processing to 2026-02-02 02:00:00+00:00, run_after=2026-02-03 02:00:00+00:00
[2026-02-03T20:08:33.937+0000] {processor.py:183} INFO - Processing /opt/airflow/dags/iot_temperature_processing.py took 0.278 seconds
[2026-02-03T20:09:04.066+0000] {processor.py:161} INFO - Started process (PID=51) to work on /opt/airflow/dags/iot_temperature_processing.py
[2026-02-03T20:09:04.070+0000] {processor.py:830} INFO - Processing file /opt/airflow/dags/iot_temperature_processing.py for tasks to queue
[2026-02-03T20:09:04.071+0000] {logging_mixin.py:188} INFO - [2026-02-03T20:09:04.071+0000] {dagbag.py:545} INFO - Filling up the DagBag from /opt/airflow/dags/iot_temperature_processing.py
[2026-02-03T20:09:04.272+0000] {processor.py:840} INFO - DAG(s) 'iot_temperature_processing' retrieved from /opt/airflow/dags/iot_temperature_processing.py
[2026-02-03T20:09:04.295+0000] {logging_mixin.py:188} INFO - [2026-02-03T20:09:04.294+0000] {dag.py:3089} INFO - Sync 1 DAGs
[2026-02-03T20:09:04.309+0000] {logging_mixin.py:188} INFO - [2026-02-03T20:09:04.309+0000] {dag.py:3947} INFO - Setting next_dagrun for iot_temperature_processing to 2026-02-02 02:00:00+00:00, run_after=2026-02-03 02:00:00+00:00
[2026-02-03T20:09:04.328+0000] {processor.py:183} INFO - Processing /opt/airflow/dags/iot_temperature_processing.py took 0.267 seconds
[2026-02-03T20:09:34.472+0000] {processor.py:161} INFO - Started process (PID=53) to work on /opt/airflow/dags/iot_temperature_processing.py
[2026-02-03T20:09:34.474+0000] {processor.py:830} INFO - Processing file /opt/airflow/dags/iot_temperature_processing.py for tasks to queue
[2026-02-03T20:09:34.476+0000] {logging_mixin.py:188} INFO - [2026-02-03T20:09:34.475+0000] {dagbag.py:545} INFO - Filling up the DagBag from /opt/airflow/dags/iot_temperature_processing.py
[2026-02-03T20:09:34.683+0000] {processor.py:840} INFO - DAG(s) 'iot_temperature_processing' retrieved from /opt/airflow/dags/iot_temperature_processing.py
[2026-02-03T20:09:34.705+0000] {logging_mixin.py:188} INFO - [2026-02-03T20:09:34.705+0000] {dag.py:3089} INFO - Sync 1 DAGs
[2026-02-03T20:09:34.838+0000] {logging_mixin.py:188} INFO - [2026-02-03T20:09:34.837+0000] {dag.py:3947} INFO - Setting next_dagrun for iot_temperature_processing to 2026-02-02 02:00:00+00:00, run_after=2026-02-03 02:00:00+00:00
[2026-02-03T20:09:34.856+0000] {processor.py:183} INFO - Processing /opt/airflow/dags/iot_temperature_processing.py took 0.390 seconds
[2026-02-03T20:10:04.987+0000] {processor.py:161} INFO - Started process (PID=55) to work on /opt/airflow/dags/iot_temperature_processing.py
[2026-02-03T20:10:04.992+0000] {processor.py:830} INFO - Processing file /opt/airflow/dags/iot_temperature_processing.py for tasks to queue
[2026-02-03T20:10:04.993+0000] {logging_mixin.py:188} INFO - [2026-02-03T20:10:04.993+0000] {dagbag.py:545} INFO - Filling up the DagBag from /opt/airflow/dags/iot_temperature_processing.py
[2026-02-03T20:10:05.208+0000] {processor.py:840} INFO - DAG(s) 'iot_temperature_processing' retrieved from /opt/airflow/dags/iot_temperature_processing.py
[2026-02-03T20:10:05.231+0000] {logging_mixin.py:188} INFO - [2026-02-03T20:10:05.231+0000] {dag.py:3089} INFO - Sync 1 DAGs
[2026-02-03T20:10:05.246+0000] {logging_mixin.py:188} INFO - [2026-02-03T20:10:05.246+0000] {dag.py:3947} INFO - Setting next_dagrun for iot_temperature_processing to 2026-02-02 02:00:00+00:00, run_after=2026-02-03 02:00:00+00:00
[2026-02-03T20:10:05.263+0000] {processor.py:183} INFO - Processing /opt/airflow/dags/iot_temperature_processing.py took 0.280 seconds
[2026-02-03T20:10:35.392+0000] {processor.py:161} INFO - Started process (PID=57) to work on /opt/airflow/dags/iot_temperature_processing.py
[2026-02-03T20:10:35.397+0000] {processor.py:830} INFO - Processing file /opt/airflow/dags/iot_temperature_processing.py for tasks to queue
[2026-02-03T20:10:35.398+0000] {logging_mixin.py:188} INFO - [2026-02-03T20:10:35.398+0000] {dagbag.py:545} INFO - Filling up the DagBag from /opt/airflow/dags/iot_temperature_processing.py
[2026-02-03T20:10:35.602+0000] {processor.py:840} INFO - DAG(s) 'iot_temperature_processing' retrieved from /opt/airflow/dags/iot_temperature_processing.py
[2026-02-03T20:10:35.627+0000] {logging_mixin.py:188} INFO - [2026-02-03T20:10:35.626+0000] {dag.py:3089} INFO - Sync 1 DAGs
[2026-02-03T20:10:35.644+0000] {logging_mixin.py:188} INFO - [2026-02-03T20:10:35.644+0000] {dag.py:3947} INFO - Setting next_dagrun for iot_temperature_processing to 2026-02-02 02:00:00+00:00, run_after=2026-02-03 02:00:00+00:00
[2026-02-03T20:10:35.663+0000] {processor.py:183} INFO - Processing /opt/airflow/dags/iot_temperature_processing.py took 0.275 seconds
[2026-02-03T20:11:05.787+0000] {processor.py:161} INFO - Started process (PID=112) to work on /opt/airflow/dags/iot_temperature_processing.py
[2026-02-03T20:11:05.792+0000] {processor.py:830} INFO - Processing file /opt/airflow/dags/iot_temperature_processing.py for tasks to queue
[2026-02-03T20:11:05.794+0000] {logging_mixin.py:188} INFO - [2026-02-03T20:11:05.793+0000] {dagbag.py:545} INFO - Filling up the DagBag from /opt/airflow/dags/iot_temperature_processing.py
[2026-02-03T20:11:06.023+0000] {processor.py:840} INFO - DAG(s) 'iot_temperature_processing' retrieved from /opt/airflow/dags/iot_temperature_processing.py
[2026-02-03T20:11:06.048+0000] {logging_mixin.py:188} INFO - [2026-02-03T20:11:06.048+0000] {dag.py:3089} INFO - Sync 1 DAGs
[2026-02-03T20:11:06.066+0000] {logging_mixin.py:188} INFO - [2026-02-03T20:11:06.066+0000] {dag.py:3947} INFO - Setting next_dagrun for iot_temperature_processing to 2026-02-03 02:00:00+00:00, run_after=2026-02-04 02:00:00+00:00
[2026-02-03T20:11:06.090+0000] {processor.py:183} INFO - Processing /opt/airflow/dags/iot_temperature_processing.py took 0.309 seconds
[2026-02-03T20:11:36.225+0000] {processor.py:161} INFO - Started process (PID=114) to work on /opt/airflow/dags/iot_temperature_processing.py
[2026-02-03T20:11:36.230+0000] {processor.py:830} INFO - Processing file /opt/airflow/dags/iot_temperature_processing.py for tasks to queue
[2026-02-03T20:11:36.231+0000] {logging_mixin.py:188} INFO - [2026-02-03T20:11:36.231+0000] {dagbag.py:545} INFO - Filling up the DagBag from /opt/airflow/dags/iot_temperature_processing.py
[2026-02-03T20:11:36.462+0000] {processor.py:840} INFO - DAG(s) 'iot_temperature_processing' retrieved from /opt/airflow/dags/iot_temperature_processing.py
[2026-02-03T20:11:36.487+0000] {logging_mixin.py:188} INFO - [2026-02-03T20:11:36.486+0000] {dag.py:3089} INFO - Sync 1 DAGs
[2026-02-03T20:11:36.505+0000] {logging_mixin.py:188} INFO - [2026-02-03T20:11:36.504+0000] {dag.py:3947} INFO - Setting next_dagrun for iot_temperature_processing to 2026-02-03 02:00:00+00:00, run_after=2026-02-04 02:00:00+00:00
[2026-02-03T20:11:36.642+0000] {processor.py:183} INFO - Processing /opt/airflow/dags/iot_temperature_processing.py took 0.422 seconds
[2026-02-03T20:12:06.782+0000] {processor.py:161} INFO - Started process (PID=116) to work on /opt/airflow/dags/iot_temperature_processing.py
[2026-02-03T20:12:06.787+0000] {processor.py:830} INFO - Processing file /opt/airflow/dags/iot_temperature_processing.py for tasks to queue
[2026-02-03T20:12:06.788+0000] {logging_mixin.py:188} INFO - [2026-02-03T20:12:06.788+0000] {dagbag.py:545} INFO - Filling up the DagBag from /opt/airflow/dags/iot_temperature_processing.py
[2026-02-03T20:12:07.028+0000] {processor.py:840} INFO - DAG(s) 'iot_temperature_processing' retrieved from /opt/airflow/dags/iot_temperature_processing.py
[2026-02-03T20:12:07.049+0000] {logging_mixin.py:188} INFO - [2026-02-03T20:12:07.049+0000] {dag.py:3089} INFO - Sync 1 DAGs
[2026-02-03T20:12:07.172+0000] {logging_mixin.py:188} INFO - [2026-02-03T20:12:07.172+0000] {dag.py:3947} INFO - Setting next_dagrun for iot_temperature_processing to 2026-02-03 02:00:00+00:00, run_after=2026-02-04 02:00:00+00:00
[2026-02-03T20:12:07.188+0000] {processor.py:183} INFO - Processing /opt/airflow/dags/iot_temperature_processing.py took 0.411 seconds
[2026-02-03T20:12:37.319+0000] {processor.py:161} INFO - Started process (PID=118) to work on /opt/airflow/dags/iot_temperature_processing.py
[2026-02-03T20:12:37.324+0000] {processor.py:830} INFO - Processing file /opt/airflow/dags/iot_temperature_processing.py for tasks to queue
[2026-02-03T20:12:37.325+0000] {logging_mixin.py:188} INFO - [2026-02-03T20:12:37.325+0000] {dagbag.py:545} INFO - Filling up the DagBag from /opt/airflow/dags/iot_temperature_processing.py
[2026-02-03T20:12:37.538+0000] {processor.py:840} INFO - DAG(s) 'iot_temperature_processing' retrieved from /opt/airflow/dags/iot_temperature_processing.py
[2026-02-03T20:12:37.562+0000] {logging_mixin.py:188} INFO - [2026-02-03T20:12:37.561+0000] {dag.py:3089} INFO - Sync 1 DAGs
[2026-02-03T20:12:37.577+0000] {logging_mixin.py:188} INFO - [2026-02-03T20:12:37.577+0000] {dag.py:3947} INFO - Setting next_dagrun for iot_temperature_processing to 2026-02-03 02:00:00+00:00, run_after=2026-02-04 02:00:00+00:00
[2026-02-03T20:12:37.594+0000] {processor.py:183} INFO - Processing /opt/airflow/dags/iot_temperature_processing.py took 0.280 seconds
[2026-02-03T20:13:07.727+0000] {processor.py:161} INFO - Started process (PID=120) to work on /opt/airflow/dags/iot_temperature_processing.py
[2026-02-03T20:13:07.732+0000] {processor.py:830} INFO - Processing file /opt/airflow/dags/iot_temperature_processing.py for tasks to queue
[2026-02-03T20:13:07.733+0000] {logging_mixin.py:188} INFO - [2026-02-03T20:13:07.733+0000] {dagbag.py:545} INFO - Filling up the DagBag from /opt/airflow/dags/iot_temperature_processing.py
[2026-02-03T20:13:07.985+0000] {processor.py:840} INFO - DAG(s) 'iot_temperature_processing' retrieved from /opt/airflow/dags/iot_temperature_processing.py
[2026-02-03T20:13:08.014+0000] {logging_mixin.py:188} INFO - [2026-02-03T20:13:08.014+0000] {dag.py:3089} INFO - Sync 1 DAGs
[2026-02-03T20:13:08.033+0000] {logging_mixin.py:188} INFO - [2026-02-03T20:13:08.032+0000] {dag.py:3947} INFO - Setting next_dagrun for iot_temperature_processing to 2026-02-03 02:00:00+00:00, run_after=2026-02-04 02:00:00+00:00
[2026-02-03T20:13:08.056+0000] {processor.py:183} INFO - Processing /opt/airflow/dags/iot_temperature_processing.py took 0.334 seconds
[2026-02-03T20:13:38.194+0000] {processor.py:161} INFO - Started process (PID=122) to work on /opt/airflow/dags/iot_temperature_processing.py
[2026-02-03T20:13:38.198+0000] {processor.py:830} INFO - Processing file /opt/airflow/dags/iot_temperature_processing.py for tasks to queue
[2026-02-03T20:13:38.200+0000] {logging_mixin.py:188} INFO - [2026-02-03T20:13:38.200+0000] {dagbag.py:545} INFO - Filling up the DagBag from /opt/airflow/dags/iot_temperature_processing.py
[2026-02-03T20:13:38.406+0000] {processor.py:840} INFO - DAG(s) 'iot_temperature_processing' retrieved from /opt/airflow/dags/iot_temperature_processing.py
[2026-02-03T20:13:38.435+0000] {logging_mixin.py:188} INFO - [2026-02-03T20:13:38.434+0000] {dag.py:3089} INFO - Sync 1 DAGs
[2026-02-03T20:13:38.453+0000] {logging_mixin.py:188} INFO - [2026-02-03T20:13:38.453+0000] {dag.py:3947} INFO - Setting next_dagrun for iot_temperature_processing to 2026-02-03 02:00:00+00:00, run_after=2026-02-04 02:00:00+00:00
[2026-02-03T20:13:38.571+0000] {processor.py:183} INFO - Processing /opt/airflow/dags/iot_temperature_processing.py took 0.382 seconds
[2026-02-03T20:14:08.707+0000] {processor.py:161} INFO - Started process (PID=124) to work on /opt/airflow/dags/iot_temperature_processing.py
[2026-02-03T20:14:08.712+0000] {processor.py:830} INFO - Processing file /opt/airflow/dags/iot_temperature_processing.py for tasks to queue
[2026-02-03T20:14:08.713+0000] {logging_mixin.py:188} INFO - [2026-02-03T20:14:08.713+0000] {dagbag.py:545} INFO - Filling up the DagBag from /opt/airflow/dags/iot_temperature_processing.py
[2026-02-03T20:14:08.914+0000] {processor.py:840} INFO - DAG(s) 'iot_temperature_processing' retrieved from /opt/airflow/dags/iot_temperature_processing.py
[2026-02-03T20:14:08.938+0000] {logging_mixin.py:188} INFO - [2026-02-03T20:14:08.938+0000] {dag.py:3089} INFO - Sync 1 DAGs
[2026-02-03T20:14:09.076+0000] {logging_mixin.py:188} INFO - [2026-02-03T20:14:09.076+0000] {dag.py:3947} INFO - Setting next_dagrun for iot_temperature_processing to 2026-02-03 02:00:00+00:00, run_after=2026-02-04 02:00:00+00:00
[2026-02-03T20:14:09.094+0000] {processor.py:183} INFO - Processing /opt/airflow/dags/iot_temperature_processing.py took 0.391 seconds
[2026-02-03T20:14:39.220+0000] {processor.py:161} INFO - Started process (PID=126) to work on /opt/airflow/dags/iot_temperature_processing.py
[2026-02-03T20:14:39.222+0000] {processor.py:830} INFO - Processing file /opt/airflow/dags/iot_temperature_processing.py for tasks to queue
[2026-02-03T20:14:39.223+0000] {logging_mixin.py:188} INFO - [2026-02-03T20:14:39.223+0000] {dagbag.py:545} INFO - Filling up the DagBag from /opt/airflow/dags/iot_temperature_processing.py
[2026-02-03T20:14:39.430+0000] {processor.py:840} INFO - DAG(s) 'iot_temperature_processing' retrieved from /opt/airflow/dags/iot_temperature_processing.py
[2026-02-03T20:14:39.458+0000] {logging_mixin.py:188} INFO - [2026-02-03T20:14:39.457+0000] {dag.py:3089} INFO - Sync 1 DAGs
[2026-02-03T20:14:39.577+0000] {logging_mixin.py:188} INFO - [2026-02-03T20:14:39.577+0000] {dag.py:3947} INFO - Setting next_dagrun for iot_temperature_processing to 2026-02-03 02:00:00+00:00, run_after=2026-02-04 02:00:00+00:00
[2026-02-03T20:14:39.597+0000] {processor.py:183} INFO - Processing /opt/airflow/dags/iot_temperature_processing.py took 0.381 seconds
[2026-02-03T20:15:09.741+0000] {processor.py:161} INFO - Started process (PID=128) to work on /opt/airflow/dags/iot_temperature_processing.py
[2026-02-03T20:15:09.746+0000] {processor.py:830} INFO - Processing file /opt/airflow/dags/iot_temperature_processing.py for tasks to queue
[2026-02-03T20:15:09.747+0000] {logging_mixin.py:188} INFO - [2026-02-03T20:15:09.747+0000] {dagbag.py:545} INFO - Filling up the DagBag from /opt/airflow/dags/iot_temperature_processing.py
[2026-02-03T20:15:09.981+0000] {processor.py:840} INFO - DAG(s) 'iot_temperature_processing' retrieved from /opt/airflow/dags/iot_temperature_processing.py
[2026-02-03T20:15:10.004+0000] {logging_mixin.py:188} INFO - [2026-02-03T20:15:10.003+0000] {dag.py:3089} INFO - Sync 1 DAGs
[2026-02-03T20:15:10.019+0000] {logging_mixin.py:188} INFO - [2026-02-03T20:15:10.019+0000] {dag.py:3947} INFO - Setting next_dagrun for iot_temperature_processing to 2026-02-03 02:00:00+00:00, run_after=2026-02-04 02:00:00+00:00
[2026-02-03T20:15:10.037+0000] {processor.py:183} INFO - Processing /opt/airflow/dags/iot_temperature_processing.py took 0.302 seconds
[2026-02-03T20:15:40.181+0000] {processor.py:161} INFO - Started process (PID=130) to work on /opt/airflow/dags/iot_temperature_processing.py
[2026-02-03T20:15:40.185+0000] {processor.py:830} INFO - Processing file /opt/airflow/dags/iot_temperature_processing.py for tasks to queue
[2026-02-03T20:15:40.187+0000] {logging_mixin.py:188} INFO - [2026-02-03T20:15:40.187+0000] {dagbag.py:545} INFO - Filling up the DagBag from /opt/airflow/dags/iot_temperature_processing.py
[2026-02-03T20:15:40.403+0000] {processor.py:840} INFO - DAG(s) 'iot_temperature_processing' retrieved from /opt/airflow/dags/iot_temperature_processing.py
[2026-02-03T20:15:40.427+0000] {logging_mixin.py:188} INFO - [2026-02-03T20:15:40.426+0000] {dag.py:3089} INFO - Sync 1 DAGs
[2026-02-03T20:15:40.442+0000] {logging_mixin.py:188} INFO - [2026-02-03T20:15:40.442+0000] {dag.py:3947} INFO - Setting next_dagrun for iot_temperature_processing to 2026-02-03 02:00:00+00:00, run_after=2026-02-04 02:00:00+00:00
[2026-02-03T20:15:40.462+0000] {processor.py:183} INFO - Processing /opt/airflow/dags/iot_temperature_processing.py took 0.286 seconds
[2026-02-03T20:16:10.606+0000] {processor.py:161} INFO - Started process (PID=163) to work on /opt/airflow/dags/iot_temperature_processing.py
[2026-02-03T20:16:10.611+0000] {processor.py:830} INFO - Processing file /opt/airflow/dags/iot_temperature_processing.py for tasks to queue
[2026-02-03T20:16:10.612+0000] {logging_mixin.py:188} INFO - [2026-02-03T20:16:10.612+0000] {dagbag.py:545} INFO - Filling up the DagBag from /opt/airflow/dags/iot_temperature_processing.py
[2026-02-03T20:16:10.821+0000] {processor.py:840} INFO - DAG(s) 'iot_temperature_processing' retrieved from /opt/airflow/dags/iot_temperature_processing.py
[2026-02-03T20:16:10.846+0000] {logging_mixin.py:188} INFO - [2026-02-03T20:16:10.846+0000] {dag.py:3089} INFO - Sync 1 DAGs
[2026-02-03T20:16:10.973+0000] {logging_mixin.py:188} INFO - [2026-02-03T20:16:10.973+0000] {dag.py:3947} INFO - Setting next_dagrun for iot_temperature_processing to 2026-02-03 02:00:00+00:00, run_after=2026-02-04 02:00:00+00:00
[2026-02-03T20:16:10.990+0000] {processor.py:183} INFO - Processing /opt/airflow/dags/iot_temperature_processing.py took 0.388 seconds
[2026-02-03T20:16:41.126+0000] {processor.py:161} INFO - Started process (PID=165) to work on /opt/airflow/dags/iot_temperature_processing.py
[2026-02-03T20:16:41.131+0000] {processor.py:830} INFO - Processing file /opt/airflow/dags/iot_temperature_processing.py for tasks to queue
[2026-02-03T20:16:41.133+0000] {logging_mixin.py:188} INFO - [2026-02-03T20:16:41.132+0000] {dagbag.py:545} INFO - Filling up the DagBag from /opt/airflow/dags/iot_temperature_processing.py
[2026-02-03T20:16:41.346+0000] {processor.py:840} INFO - DAG(s) 'iot_temperature_processing' retrieved from /opt/airflow/dags/iot_temperature_processing.py
[2026-02-03T20:16:41.370+0000] {logging_mixin.py:188} INFO - [2026-02-03T20:16:41.370+0000] {dag.py:3089} INFO - Sync 1 DAGs
[2026-02-03T20:16:41.498+0000] {logging_mixin.py:188} INFO - [2026-02-03T20:16:41.498+0000] {dag.py:3947} INFO - Setting next_dagrun for iot_temperature_processing to 2026-02-03 02:00:00+00:00, run_after=2026-02-04 02:00:00+00:00
[2026-02-03T20:16:41.513+0000] {processor.py:183} INFO - Processing /opt/airflow/dags/iot_temperature_processing.py took 0.392 seconds
[2026-02-03T20:17:11.648+0000] {processor.py:161} INFO - Started process (PID=167) to work on /opt/airflow/dags/iot_temperature_processing.py
[2026-02-03T20:17:11.650+0000] {processor.py:830} INFO - Processing file /opt/airflow/dags/iot_temperature_processing.py for tasks to queue
[2026-02-03T20:17:11.651+0000] {logging_mixin.py:188} INFO - [2026-02-03T20:17:11.651+0000] {dagbag.py:545} INFO - Filling up the DagBag from /opt/airflow/dags/iot_temperature_processing.py
[2026-02-03T20:17:11.865+0000] {processor.py:840} INFO - DAG(s) 'iot_temperature_processing' retrieved from /opt/airflow/dags/iot_temperature_processing.py
[2026-02-03T20:17:11.889+0000] {logging_mixin.py:188} INFO - [2026-02-03T20:17:11.889+0000] {dag.py:3089} INFO - Sync 1 DAGs
[2026-02-03T20:17:11.907+0000] {logging_mixin.py:188} INFO - [2026-02-03T20:17:11.907+0000] {dag.py:3947} INFO - Setting next_dagrun for iot_temperature_processing to 2026-02-03 02:00:00+00:00, run_after=2026-02-04 02:00:00+00:00
[2026-02-03T20:17:11.924+0000] {processor.py:183} INFO - Processing /opt/airflow/dags/iot_temperature_processing.py took 0.280 seconds
[2026-02-03T20:17:42.049+0000] {processor.py:161} INFO - Started process (PID=169) to work on /opt/airflow/dags/iot_temperature_processing.py
[2026-02-03T20:17:42.054+0000] {processor.py:830} INFO - Processing file /opt/airflow/dags/iot_temperature_processing.py for tasks to queue
[2026-02-03T20:17:42.055+0000] {logging_mixin.py:188} INFO - [2026-02-03T20:17:42.055+0000] {dagbag.py:545} INFO - Filling up the DagBag from /opt/airflow/dags/iot_temperature_processing.py
[2026-02-03T20:17:42.275+0000] {processor.py:840} INFO - DAG(s) 'iot_temperature_processing' retrieved from /opt/airflow/dags/iot_temperature_processing.py
[2026-02-03T20:17:42.297+0000] {logging_mixin.py:188} INFO - [2026-02-03T20:17:42.297+0000] {dag.py:3089} INFO - Sync 1 DAGs
[2026-02-03T20:17:42.313+0000] {logging_mixin.py:188} INFO - [2026-02-03T20:17:42.313+0000] {dag.py:3947} INFO - Setting next_dagrun for iot_temperature_processing to 2026-02-03 02:00:00+00:00, run_after=2026-02-04 02:00:00+00:00
[2026-02-03T20:17:42.331+0000] {processor.py:183} INFO - Processing /opt/airflow/dags/iot_temperature_processing.py took 0.287 seconds
[2026-02-03T20:18:12.447+0000] {processor.py:161} INFO - Started process (PID=171) to work on /opt/airflow/dags/iot_temperature_processing.py
[2026-02-03T20:18:12.452+0000] {processor.py:830} INFO - Processing file /opt/airflow/dags/iot_temperature_processing.py for tasks to queue
[2026-02-03T20:18:12.453+0000] {logging_mixin.py:188} INFO - [2026-02-03T20:18:12.453+0000] {dagbag.py:545} INFO - Filling up the DagBag from /opt/airflow/dags/iot_temperature_processing.py
[2026-02-03T20:18:12.648+0000] {processor.py:840} INFO - DAG(s) 'iot_temperature_processing' retrieved from /opt/airflow/dags/iot_temperature_processing.py
[2026-02-03T20:18:12.670+0000] {logging_mixin.py:188} INFO - [2026-02-03T20:18:12.669+0000] {dag.py:3089} INFO - Sync 1 DAGs
[2026-02-03T20:18:12.687+0000] {logging_mixin.py:188} INFO - [2026-02-03T20:18:12.687+0000] {dag.py:3947} INFO - Setting next_dagrun for iot_temperature_processing to 2026-02-03 02:00:00+00:00, run_after=2026-02-04 02:00:00+00:00
[2026-02-03T20:18:12.825+0000] {processor.py:183} INFO - Processing /opt/airflow/dags/iot_temperature_processing.py took 0.382 seconds
[2026-02-03T20:18:42.960+0000] {processor.py:161} INFO - Started process (PID=173) to work on /opt/airflow/dags/iot_temperature_processing.py
[2026-02-03T20:18:42.964+0000] {processor.py:830} INFO - Processing file /opt/airflow/dags/iot_temperature_processing.py for tasks to queue
[2026-02-03T20:18:42.966+0000] {logging_mixin.py:188} INFO - [2026-02-03T20:18:42.965+0000] {dagbag.py:545} INFO - Filling up the DagBag from /opt/airflow/dags/iot_temperature_processing.py
[2026-02-03T20:18:43.167+0000] {processor.py:840} INFO - DAG(s) 'iot_temperature_processing' retrieved from /opt/airflow/dags/iot_temperature_processing.py
[2026-02-03T20:18:43.189+0000] {logging_mixin.py:188} INFO - [2026-02-03T20:18:43.188+0000] {dag.py:3089} INFO - Sync 1 DAGs
[2026-02-03T20:18:43.304+0000] {logging_mixin.py:188} INFO - [2026-02-03T20:18:43.304+0000] {dag.py:3947} INFO - Setting next_dagrun for iot_temperature_processing to 2026-02-03 02:00:00+00:00, run_after=2026-02-04 02:00:00+00:00
[2026-02-03T20:18:43.326+0000] {processor.py:183} INFO - Processing /opt/airflow/dags/iot_temperature_processing.py took 0.372 seconds
[2026-02-03T20:19:13.453+0000] {processor.py:161} INFO - Started process (PID=175) to work on /opt/airflow/dags/iot_temperature_processing.py
[2026-02-03T20:19:13.457+0000] {processor.py:830} INFO - Processing file /opt/airflow/dags/iot_temperature_processing.py for tasks to queue
[2026-02-03T20:19:13.459+0000] {logging_mixin.py:188} INFO - [2026-02-03T20:19:13.459+0000] {dagbag.py:545} INFO - Filling up the DagBag from /opt/airflow/dags/iot_temperature_processing.py
[2026-02-03T20:19:13.673+0000] {processor.py:840} INFO - DAG(s) 'iot_temperature_processing' retrieved from /opt/airflow/dags/iot_temperature_processing.py
[2026-02-03T20:19:13.809+0000] {logging_mixin.py:188} INFO - [2026-02-03T20:19:13.808+0000] {dag.py:3089} INFO - Sync 1 DAGs
[2026-02-03T20:19:13.822+0000] {logging_mixin.py:188} INFO - [2026-02-03T20:19:13.822+0000] {dag.py:3947} INFO - Setting next_dagrun for iot_temperature_processing to 2026-02-03 02:00:00+00:00, run_after=2026-02-04 02:00:00+00:00
[2026-02-03T20:19:13.838+0000] {processor.py:183} INFO - Processing /opt/airflow/dags/iot_temperature_processing.py took 0.390 seconds
[2026-02-03T20:19:43.978+0000] {processor.py:161} INFO - Started process (PID=177) to work on /opt/airflow/dags/iot_temperature_processing.py
[2026-02-03T20:19:43.983+0000] {processor.py:830} INFO - Processing file /opt/airflow/dags/iot_temperature_processing.py for tasks to queue
[2026-02-03T20:19:43.984+0000] {logging_mixin.py:188} INFO - [2026-02-03T20:19:43.984+0000] {dagbag.py:545} INFO - Filling up the DagBag from /opt/airflow/dags/iot_temperature_processing.py
[2026-02-03T20:19:44.249+0000] {processor.py:840} INFO - DAG(s) 'iot_temperature_processing' retrieved from /opt/airflow/dags/iot_temperature_processing.py
[2026-02-03T20:19:44.272+0000] {logging_mixin.py:188} INFO - [2026-02-03T20:19:44.272+0000] {dag.py:3089} INFO - Sync 1 DAGs
[2026-02-03T20:19:44.288+0000] {logging_mixin.py:188} INFO - [2026-02-03T20:19:44.288+0000] {dag.py:3947} INFO - Setting next_dagrun for iot_temperature_processing to 2026-02-03 02:00:00+00:00, run_after=2026-02-04 02:00:00+00:00
[2026-02-03T20:19:44.306+0000] {processor.py:183} INFO - Processing /opt/airflow/dags/iot_temperature_processing.py took 0.334 seconds
[2026-02-03T20:20:14.436+0000] {processor.py:161} INFO - Started process (PID=179) to work on /opt/airflow/dags/iot_temperature_processing.py
[2026-02-03T20:20:14.441+0000] {processor.py:830} INFO - Processing file /opt/airflow/dags/iot_temperature_processing.py for tasks to queue
[2026-02-03T20:20:14.442+0000] {logging_mixin.py:188} INFO - [2026-02-03T20:20:14.442+0000] {dagbag.py:545} INFO - Filling up the DagBag from /opt/airflow/dags/iot_temperature_processing.py
[2026-02-03T20:20:14.654+0000] {processor.py:840} INFO - DAG(s) 'iot_temperature_processing' retrieved from /opt/airflow/dags/iot_temperature_processing.py
[2026-02-03T20:20:14.676+0000] {logging_mixin.py:188} INFO - [2026-02-03T20:20:14.676+0000] {dag.py:3089} INFO - Sync 1 DAGs
[2026-02-03T20:20:14.691+0000] {logging_mixin.py:188} INFO - [2026-02-03T20:20:14.691+0000] {dag.py:3947} INFO - Setting next_dagrun for iot_temperature_processing to 2026-02-03 02:00:00+00:00, run_after=2026-02-04 02:00:00+00:00
[2026-02-03T20:20:14.810+0000] {processor.py:183} INFO - Processing /opt/airflow/dags/iot_temperature_processing.py took 0.378 seconds
[2026-02-03T20:20:44.940+0000] {processor.py:161} INFO - Started process (PID=181) to work on /opt/airflow/dags/iot_temperature_processing.py
[2026-02-03T20:20:44.942+0000] {processor.py:830} INFO - Processing file /opt/airflow/dags/iot_temperature_processing.py for tasks to queue
[2026-02-03T20:20:44.943+0000] {logging_mixin.py:188} INFO - [2026-02-03T20:20:44.943+0000] {dagbag.py:545} INFO - Filling up the DagBag from /opt/airflow/dags/iot_temperature_processing.py
[2026-02-03T20:20:45.152+0000] {processor.py:840} INFO - DAG(s) 'iot_temperature_processing' retrieved from /opt/airflow/dags/iot_temperature_processing.py
[2026-02-03T20:20:45.176+0000] {logging_mixin.py:188} INFO - [2026-02-03T20:20:45.175+0000] {dag.py:3089} INFO - Sync 1 DAGs
[2026-02-03T20:20:45.303+0000] {logging_mixin.py:188} INFO - [2026-02-03T20:20:45.303+0000] {dag.py:3947} INFO - Setting next_dagrun for iot_temperature_processing to 2026-02-03 02:00:00+00:00, run_after=2026-02-04 02:00:00+00:00
[2026-02-03T20:20:45.321+0000] {processor.py:183} INFO - Processing /opt/airflow/dags/iot_temperature_processing.py took 0.385 seconds
[2026-02-03T20:21:15.460+0000] {processor.py:161} INFO - Started process (PID=183) to work on /opt/airflow/dags/iot_temperature_processing.py
[2026-02-03T20:21:15.465+0000] {processor.py:830} INFO - Processing file /opt/airflow/dags/iot_temperature_processing.py for tasks to queue
[2026-02-03T20:21:15.466+0000] {logging_mixin.py:188} INFO - [2026-02-03T20:21:15.466+0000] {dagbag.py:545} INFO - Filling up the DagBag from /opt/airflow/dags/iot_temperature_processing.py
[2026-02-03T20:21:15.718+0000] {processor.py:840} INFO - DAG(s) 'iot_temperature_processing' retrieved from /opt/airflow/dags/iot_temperature_processing.py
[2026-02-03T20:21:15.872+0000] {logging_mixin.py:188} INFO - [2026-02-03T20:21:15.872+0000] {dag.py:3089} INFO - Sync 1 DAGs
[2026-02-03T20:21:15.885+0000] {logging_mixin.py:188} INFO - [2026-02-03T20:21:15.885+0000] {dag.py:3947} INFO - Setting next_dagrun for iot_temperature_processing to 2026-02-03 02:00:00+00:00, run_after=2026-02-04 02:00:00+00:00
[2026-02-03T20:21:15.902+0000] {processor.py:183} INFO - Processing /opt/airflow/dags/iot_temperature_processing.py took 0.447 seconds
[2026-02-03T20:21:46.054+0000] {processor.py:161} INFO - Started process (PID=185) to work on /opt/airflow/dags/iot_temperature_processing.py
[2026-02-03T20:21:46.059+0000] {processor.py:830} INFO - Processing file /opt/airflow/dags/iot_temperature_processing.py for tasks to queue
[2026-02-03T20:21:46.060+0000] {logging_mixin.py:188} INFO - [2026-02-03T20:21:46.060+0000] {dagbag.py:545} INFO - Filling up the DagBag from /opt/airflow/dags/iot_temperature_processing.py
[2026-02-03T20:21:46.367+0000] {processor.py:840} INFO - DAG(s) 'iot_temperature_processing' retrieved from /opt/airflow/dags/iot_temperature_processing.py
[2026-02-03T20:21:46.384+0000] {logging_mixin.py:188} INFO - [2026-02-03T20:21:46.384+0000] {dag.py:3089} INFO - Sync 1 DAGs
[2026-02-03T20:21:46.397+0000] {logging_mixin.py:188} INFO - [2026-02-03T20:21:46.396+0000] {dag.py:3947} INFO - Setting next_dagrun for iot_temperature_processing to 2026-02-03 02:00:00+00:00, run_after=2026-02-04 02:00:00+00:00
[2026-02-03T20:21:46.414+0000] {processor.py:183} INFO - Processing /opt/airflow/dags/iot_temperature_processing.py took 0.364 seconds
[2026-02-03T20:22:16.548+0000] {processor.py:161} INFO - Started process (PID=187) to work on /opt/airflow/dags/iot_temperature_processing.py
[2026-02-03T20:22:16.553+0000] {processor.py:830} INFO - Processing file /opt/airflow/dags/iot_temperature_processing.py for tasks to queue
[2026-02-03T20:22:16.555+0000] {logging_mixin.py:188} INFO - [2026-02-03T20:22:16.554+0000] {dagbag.py:545} INFO - Filling up the DagBag from /opt/airflow/dags/iot_temperature_processing.py
[2026-02-03T20:22:16.777+0000] {processor.py:840} INFO - DAG(s) 'iot_temperature_processing' retrieved from /opt/airflow/dags/iot_temperature_processing.py
[2026-02-03T20:22:16.800+0000] {logging_mixin.py:188} INFO - [2026-02-03T20:22:16.799+0000] {dag.py:3089} INFO - Sync 1 DAGs
[2026-02-03T20:22:16.816+0000] {logging_mixin.py:188} INFO - [2026-02-03T20:22:16.816+0000] {dag.py:3947} INFO - Setting next_dagrun for iot_temperature_processing to 2026-02-03 02:00:00+00:00, run_after=2026-02-04 02:00:00+00:00
[2026-02-03T20:22:16.837+0000] {processor.py:183} INFO - Processing /opt/airflow/dags/iot_temperature_processing.py took 0.295 seconds
[2026-02-03T20:22:46.980+0000] {processor.py:161} INFO - Started process (PID=189) to work on /opt/airflow/dags/iot_temperature_processing.py
[2026-02-03T20:22:46.981+0000] {processor.py:830} INFO - Processing file /opt/airflow/dags/iot_temperature_processing.py for tasks to queue
[2026-02-03T20:22:46.982+0000] {logging_mixin.py:188} INFO - [2026-02-03T20:22:46.982+0000] {dagbag.py:545} INFO - Filling up the DagBag from /opt/airflow/dags/iot_temperature_processing.py
[2026-02-03T20:22:47.207+0000] {processor.py:840} INFO - DAG(s) 'iot_temperature_processing' retrieved from /opt/airflow/dags/iot_temperature_processing.py
[2026-02-03T20:22:47.231+0000] {logging_mixin.py:188} INFO - [2026-02-03T20:22:47.230+0000] {dag.py:3089} INFO - Sync 1 DAGs
[2026-02-03T20:22:47.352+0000] {logging_mixin.py:188} INFO - [2026-02-03T20:22:47.352+0000] {dag.py:3947} INFO - Setting next_dagrun for iot_temperature_processing to 2026-02-03 02:00:00+00:00, run_after=2026-02-04 02:00:00+00:00
[2026-02-03T20:22:47.370+0000] {processor.py:183} INFO - Processing /opt/airflow/dags/iot_temperature_processing.py took 0.366 seconds
[2026-02-03T20:23:17.517+0000] {processor.py:161} INFO - Started process (PID=191) to work on /opt/airflow/dags/iot_temperature_processing.py
[2026-02-03T20:23:17.522+0000] {processor.py:830} INFO - Processing file /opt/airflow/dags/iot_temperature_processing.py for tasks to queue
[2026-02-03T20:23:17.523+0000] {logging_mixin.py:188} INFO - [2026-02-03T20:23:17.523+0000] {dagbag.py:545} INFO - Filling up the DagBag from /opt/airflow/dags/iot_temperature_processing.py
[2026-02-03T20:23:17.745+0000] {processor.py:840} INFO - DAG(s) 'iot_temperature_processing' retrieved from /opt/airflow/dags/iot_temperature_processing.py
[2026-02-03T20:23:17.771+0000] {logging_mixin.py:188} INFO - [2026-02-03T20:23:17.770+0000] {dag.py:3089} INFO - Sync 1 DAGs
[2026-02-03T20:23:17.888+0000] {logging_mixin.py:188} INFO - [2026-02-03T20:23:17.888+0000] {dag.py:3947} INFO - Setting next_dagrun for iot_temperature_processing to 2026-02-03 02:00:00+00:00, run_after=2026-02-04 02:00:00+00:00
[2026-02-03T20:23:17.908+0000] {processor.py:183} INFO - Processing /opt/airflow/dags/iot_temperature_processing.py took 0.396 seconds
[2026-02-03T20:23:48.049+0000] {processor.py:161} INFO - Started process (PID=193) to work on /opt/airflow/dags/iot_temperature_processing.py
[2026-02-03T20:23:48.054+0000] {processor.py:830} INFO - Processing file /opt/airflow/dags/iot_temperature_processing.py for tasks to queue
[2026-02-03T20:23:48.055+0000] {logging_mixin.py:188} INFO - [2026-02-03T20:23:48.055+0000] {dagbag.py:545} INFO - Filling up the DagBag from /opt/airflow/dags/iot_temperature_processing.py
[2026-02-03T20:23:48.251+0000] {processor.py:840} INFO - DAG(s) 'iot_temperature_processing' retrieved from /opt/airflow/dags/iot_temperature_processing.py
[2026-02-03T20:23:48.385+0000] {logging_mixin.py:188} INFO - [2026-02-03T20:23:48.385+0000] {dag.py:3089} INFO - Sync 1 DAGs
[2026-02-03T20:23:48.398+0000] {logging_mixin.py:188} INFO - [2026-02-03T20:23:48.398+0000] {dag.py:3947} INFO - Setting next_dagrun for iot_temperature_processing to 2026-02-03 02:00:00+00:00, run_after=2026-02-04 02:00:00+00:00
[2026-02-03T20:23:48.413+0000] {processor.py:183} INFO - Processing /opt/airflow/dags/iot_temperature_processing.py took 0.368 seconds
[2026-02-03T20:24:18.541+0000] {processor.py:161} INFO - Started process (PID=195) to work on /opt/airflow/dags/iot_temperature_processing.py
[2026-02-03T20:24:18.544+0000] {processor.py:830} INFO - Processing file /opt/airflow/dags/iot_temperature_processing.py for tasks to queue
[2026-02-03T20:24:18.546+0000] {logging_mixin.py:188} INFO - [2026-02-03T20:24:18.545+0000] {dagbag.py:545} INFO - Filling up the DagBag from /opt/airflow/dags/iot_temperature_processing.py
[2026-02-03T20:24:18.885+0000] {processor.py:840} INFO - DAG(s) 'iot_temperature_processing' retrieved from /opt/airflow/dags/iot_temperature_processing.py
[2026-02-03T20:24:18.905+0000] {logging_mixin.py:188} INFO - [2026-02-03T20:24:18.905+0000] {dag.py:3089} INFO - Sync 1 DAGs
[2026-02-03T20:24:18.919+0000] {logging_mixin.py:188} INFO - [2026-02-03T20:24:18.919+0000] {dag.py:3947} INFO - Setting next_dagrun for iot_temperature_processing to 2026-02-03 02:00:00+00:00, run_after=2026-02-04 02:00:00+00:00
[2026-02-03T20:24:18.937+0000] {processor.py:183} INFO - Processing /opt/airflow/dags/iot_temperature_processing.py took 0.401 seconds
[2026-02-03T20:24:49.083+0000] {processor.py:161} INFO - Started process (PID=197) to work on /opt/airflow/dags/iot_temperature_processing.py
[2026-02-03T20:24:49.084+0000] {processor.py:830} INFO - Processing file /opt/airflow/dags/iot_temperature_processing.py for tasks to queue
[2026-02-03T20:24:49.086+0000] {logging_mixin.py:188} INFO - [2026-02-03T20:24:49.086+0000] {dagbag.py:545} INFO - Filling up the DagBag from /opt/airflow/dags/iot_temperature_processing.py
[2026-02-03T20:24:49.300+0000] {processor.py:840} INFO - DAG(s) 'iot_temperature_processing' retrieved from /opt/airflow/dags/iot_temperature_processing.py
[2026-02-03T20:24:49.323+0000] {logging_mixin.py:188} INFO - [2026-02-03T20:24:49.323+0000] {dag.py:3089} INFO - Sync 1 DAGs
[2026-02-03T20:24:49.341+0000] {logging_mixin.py:188} INFO - [2026-02-03T20:24:49.341+0000] {dag.py:3947} INFO - Setting next_dagrun for iot_temperature_processing to 2026-02-03 02:00:00+00:00, run_after=2026-02-04 02:00:00+00:00
[2026-02-03T20:24:49.476+0000] {processor.py:183} INFO - Processing /opt/airflow/dags/iot_temperature_processing.py took 0.402 seconds
[2026-02-03T20:25:19.623+0000] {processor.py:161} INFO - Started process (PID=199) to work on /opt/airflow/dags/iot_temperature_processing.py
[2026-02-03T20:25:19.627+0000] {processor.py:830} INFO - Processing file /opt/airflow/dags/iot_temperature_processing.py for tasks to queue
[2026-02-03T20:25:19.628+0000] {logging_mixin.py:188} INFO - [2026-02-03T20:25:19.628+0000] {dagbag.py:545} INFO - Filling up the DagBag from /opt/airflow/dags/iot_temperature_processing.py
[2026-02-03T20:25:19.845+0000] {processor.py:840} INFO - DAG(s) 'iot_temperature_processing' retrieved from /opt/airflow/dags/iot_temperature_processing.py
[2026-02-03T20:25:19.866+0000] {logging_mixin.py:188} INFO - [2026-02-03T20:25:19.866+0000] {dag.py:3089} INFO - Sync 1 DAGs
[2026-02-03T20:25:19.994+0000] {logging_mixin.py:188} INFO - [2026-02-03T20:25:19.994+0000] {dag.py:3947} INFO - Setting next_dagrun for iot_temperature_processing to 2026-02-03 02:00:00+00:00, run_after=2026-02-04 02:00:00+00:00
[2026-02-03T20:25:20.012+0000] {processor.py:183} INFO - Processing /opt/airflow/dags/iot_temperature_processing.py took 0.394 seconds
[2026-02-03T20:25:50.153+0000] {processor.py:161} INFO - Started process (PID=201) to work on /opt/airflow/dags/iot_temperature_processing.py
[2026-02-03T20:25:50.158+0000] {processor.py:830} INFO - Processing file /opt/airflow/dags/iot_temperature_processing.py for tasks to queue
[2026-02-03T20:25:50.159+0000] {logging_mixin.py:188} INFO - [2026-02-03T20:25:50.159+0000] {dagbag.py:545} INFO - Filling up the DagBag from /opt/airflow/dags/iot_temperature_processing.py
[2026-02-03T20:25:50.338+0000] {processor.py:840} INFO - DAG(s) 'iot_temperature_processing' retrieved from /opt/airflow/dags/iot_temperature_processing.py
[2026-02-03T20:25:50.451+0000] {logging_mixin.py:188} INFO - [2026-02-03T20:25:50.451+0000] {dag.py:3089} INFO - Sync 1 DAGs
[2026-02-03T20:25:50.463+0000] {logging_mixin.py:188} INFO - [2026-02-03T20:25:50.463+0000] {dag.py:3947} INFO - Setting next_dagrun for iot_temperature_processing to 2026-02-03 02:00:00+00:00, run_after=2026-02-04 02:00:00+00:00
[2026-02-03T20:25:50.479+0000] {processor.py:183} INFO - Processing /opt/airflow/dags/iot_temperature_processing.py took 0.330 seconds
[2026-02-03T20:26:20.613+0000] {processor.py:161} INFO - Started process (PID=203) to work on /opt/airflow/dags/iot_temperature_processing.py
[2026-02-03T20:26:20.619+0000] {processor.py:830} INFO - Processing file /opt/airflow/dags/iot_temperature_processing.py for tasks to queue
[2026-02-03T20:26:20.620+0000] {logging_mixin.py:188} INFO - [2026-02-03T20:26:20.620+0000] {dagbag.py:545} INFO - Filling up the DagBag from /opt/airflow/dags/iot_temperature_processing.py
[2026-02-03T20:26:20.947+0000] {processor.py:840} INFO - DAG(s) 'iot_temperature_processing' retrieved from /opt/airflow/dags/iot_temperature_processing.py
[2026-02-03T20:26:20.967+0000] {logging_mixin.py:188} INFO - [2026-02-03T20:26:20.967+0000] {dag.py:3089} INFO - Sync 1 DAGs
[2026-02-03T20:26:20.981+0000] {logging_mixin.py:188} INFO - [2026-02-03T20:26:20.981+0000] {dag.py:3947} INFO - Setting next_dagrun for iot_temperature_processing to 2026-02-03 02:00:00+00:00, run_after=2026-02-04 02:00:00+00:00
[2026-02-03T20:26:20.998+0000] {processor.py:183} INFO - Processing /opt/airflow/dags/iot_temperature_processing.py took 0.390 seconds
[2026-02-03T20:26:51.135+0000] {processor.py:161} INFO - Started process (PID=205) to work on /opt/airflow/dags/iot_temperature_processing.py
[2026-02-03T20:26:51.139+0000] {processor.py:830} INFO - Processing file /opt/airflow/dags/iot_temperature_processing.py for tasks to queue
[2026-02-03T20:26:51.141+0000] {logging_mixin.py:188} INFO - [2026-02-03T20:26:51.141+0000] {dagbag.py:545} INFO - Filling up the DagBag from /opt/airflow/dags/iot_temperature_processing.py
[2026-02-03T20:26:51.354+0000] {processor.py:840} INFO - DAG(s) 'iot_temperature_processing' retrieved from /opt/airflow/dags/iot_temperature_processing.py
[2026-02-03T20:26:51.377+0000] {logging_mixin.py:188} INFO - [2026-02-03T20:26:51.377+0000] {dag.py:3089} INFO - Sync 1 DAGs
[2026-02-03T20:26:51.394+0000] {logging_mixin.py:188} INFO - [2026-02-03T20:26:51.394+0000] {dag.py:3947} INFO - Setting next_dagrun for iot_temperature_processing to 2026-02-03 02:00:00+00:00, run_after=2026-02-04 02:00:00+00:00
[2026-02-03T20:26:51.534+0000] {processor.py:183} INFO - Processing /opt/airflow/dags/iot_temperature_processing.py took 0.404 seconds
[2026-02-03T20:27:21.679+0000] {processor.py:161} INFO - Started process (PID=207) to work on /opt/airflow/dags/iot_temperature_processing.py
[2026-02-03T20:27:21.684+0000] {processor.py:830} INFO - Processing file /opt/airflow/dags/iot_temperature_processing.py for tasks to queue
[2026-02-03T20:27:21.685+0000] {logging_mixin.py:188} INFO - [2026-02-03T20:27:21.685+0000] {dagbag.py:545} INFO - Filling up the DagBag from /opt/airflow/dags/iot_temperature_processing.py
[2026-02-03T20:27:21.945+0000] {processor.py:840} INFO - DAG(s) 'iot_temperature_processing' retrieved from /opt/airflow/dags/iot_temperature_processing.py
[2026-02-03T20:27:21.971+0000] {logging_mixin.py:188} INFO - [2026-02-03T20:27:21.970+0000] {dag.py:3089} INFO - Sync 1 DAGs
[2026-02-03T20:27:22.138+0000] {logging_mixin.py:188} INFO - [2026-02-03T20:27:22.137+0000] {dag.py:3947} INFO - Setting next_dagrun for iot_temperature_processing to 2026-02-03 02:00:00+00:00, run_after=2026-02-04 02:00:00+00:00
[2026-02-03T20:27:22.156+0000] {processor.py:183} INFO - Processing /opt/airflow/dags/iot_temperature_processing.py took 0.481 seconds
[2026-02-03T20:27:52.298+0000] {processor.py:161} INFO - Started process (PID=209) to work on /opt/airflow/dags/iot_temperature_processing.py
[2026-02-03T20:27:52.303+0000] {processor.py:830} INFO - Processing file /opt/airflow/dags/iot_temperature_processing.py for tasks to queue
[2026-02-03T20:27:52.304+0000] {logging_mixin.py:188} INFO - [2026-02-03T20:27:52.304+0000] {dagbag.py:545} INFO - Filling up the DagBag from /opt/airflow/dags/iot_temperature_processing.py
[2026-02-03T20:27:52.530+0000] {processor.py:840} INFO - DAG(s) 'iot_temperature_processing' retrieved from /opt/airflow/dags/iot_temperature_processing.py
[2026-02-03T20:27:52.658+0000] {logging_mixin.py:188} INFO - [2026-02-03T20:27:52.658+0000] {dag.py:3089} INFO - Sync 1 DAGs
[2026-02-03T20:27:52.672+0000] {logging_mixin.py:188} INFO - [2026-02-03T20:27:52.671+0000] {dag.py:3947} INFO - Setting next_dagrun for iot_temperature_processing to 2026-02-03 02:00:00+00:00, run_after=2026-02-04 02:00:00+00:00
[2026-02-03T20:27:52.689+0000] {processor.py:183} INFO - Processing /opt/airflow/dags/iot_temperature_processing.py took 0.395 seconds
[2026-02-03T20:28:22.838+0000] {processor.py:161} INFO - Started process (PID=211) to work on /opt/airflow/dags/iot_temperature_processing.py
[2026-02-03T20:28:22.843+0000] {processor.py:830} INFO - Processing file /opt/airflow/dags/iot_temperature_processing.py for tasks to queue
[2026-02-03T20:28:22.845+0000] {logging_mixin.py:188} INFO - [2026-02-03T20:28:22.844+0000] {dagbag.py:545} INFO - Filling up the DagBag from /opt/airflow/dags/iot_temperature_processing.py
[2026-02-03T20:28:23.221+0000] {processor.py:840} INFO - DAG(s) 'iot_temperature_processing' retrieved from /opt/airflow/dags/iot_temperature_processing.py
[2026-02-03T20:28:23.239+0000] {logging_mixin.py:188} INFO - [2026-02-03T20:28:23.239+0000] {dag.py:3089} INFO - Sync 1 DAGs
[2026-02-03T20:28:23.255+0000] {logging_mixin.py:188} INFO - [2026-02-03T20:28:23.255+0000] {dag.py:3947} INFO - Setting next_dagrun for iot_temperature_processing to 2026-02-03 02:00:00+00:00, run_after=2026-02-04 02:00:00+00:00
[2026-02-03T20:28:23.275+0000] {processor.py:183} INFO - Processing /opt/airflow/dags/iot_temperature_processing.py took 0.442 seconds
[2026-02-03T20:28:53.412+0000] {processor.py:161} INFO - Started process (PID=213) to work on /opt/airflow/dags/iot_temperature_processing.py
[2026-02-03T20:28:53.416+0000] {processor.py:830} INFO - Processing file /opt/airflow/dags/iot_temperature_processing.py for tasks to queue
[2026-02-03T20:28:53.418+0000] {logging_mixin.py:188} INFO - [2026-02-03T20:28:53.418+0000] {dagbag.py:545} INFO - Filling up the DagBag from /opt/airflow/dags/iot_temperature_processing.py
[2026-02-03T20:28:53.795+0000] {processor.py:840} INFO - DAG(s) 'iot_temperature_processing' retrieved from /opt/airflow/dags/iot_temperature_processing.py
[2026-02-03T20:28:53.816+0000] {logging_mixin.py:188} INFO - [2026-02-03T20:28:53.816+0000] {dag.py:3089} INFO - Sync 1 DAGs
[2026-02-03T20:28:53.829+0000] {logging_mixin.py:188} INFO - [2026-02-03T20:28:53.829+0000] {dag.py:3947} INFO - Setting next_dagrun for iot_temperature_processing to 2026-02-03 02:00:00+00:00, run_after=2026-02-04 02:00:00+00:00
[2026-02-03T20:28:53.846+0000] {processor.py:183} INFO - Processing /opt/airflow/dags/iot_temperature_processing.py took 0.440 seconds
[2026-02-03T20:29:23.987+0000] {processor.py:161} INFO - Started process (PID=215) to work on /opt/airflow/dags/iot_temperature_processing.py
[2026-02-03T20:29:23.992+0000] {processor.py:830} INFO - Processing file /opt/airflow/dags/iot_temperature_processing.py for tasks to queue
[2026-02-03T20:29:23.994+0000] {logging_mixin.py:188} INFO - [2026-02-03T20:29:23.993+0000] {dagbag.py:545} INFO - Filling up the DagBag from /opt/airflow/dags/iot_temperature_processing.py
[2026-02-03T20:29:24.319+0000] {processor.py:840} INFO - DAG(s) 'iot_temperature_processing' retrieved from /opt/airflow/dags/iot_temperature_processing.py
[2026-02-03T20:29:24.336+0000] {logging_mixin.py:188} INFO - [2026-02-03T20:29:24.336+0000] {dag.py:3089} INFO - Sync 1 DAGs
[2026-02-03T20:29:24.351+0000] {logging_mixin.py:188} INFO - [2026-02-03T20:29:24.351+0000] {dag.py:3947} INFO - Setting next_dagrun for iot_temperature_processing to 2026-02-03 02:00:00+00:00, run_after=2026-02-04 02:00:00+00:00
[2026-02-03T20:29:24.369+0000] {processor.py:183} INFO - Processing /opt/airflow/dags/iot_temperature_processing.py took 0.386 seconds
[2026-02-03T20:29:54.511+0000] {processor.py:161} INFO - Started process (PID=217) to work on /opt/airflow/dags/iot_temperature_processing.py
[2026-02-03T20:29:54.516+0000] {processor.py:830} INFO - Processing file /opt/airflow/dags/iot_temperature_processing.py for tasks to queue
[2026-02-03T20:29:54.518+0000] {logging_mixin.py:188} INFO - [2026-02-03T20:29:54.518+0000] {dagbag.py:545} INFO - Filling up the DagBag from /opt/airflow/dags/iot_temperature_processing.py
[2026-02-03T20:29:54.800+0000] {processor.py:840} INFO - DAG(s) 'iot_temperature_processing' retrieved from /opt/airflow/dags/iot_temperature_processing.py
[2026-02-03T20:29:54.825+0000] {logging_mixin.py:188} INFO - [2026-02-03T20:29:54.825+0000] {dag.py:3089} INFO - Sync 1 DAGs
[2026-02-03T20:29:54.952+0000] {logging_mixin.py:188} INFO - [2026-02-03T20:29:54.952+0000] {dag.py:3947} INFO - Setting next_dagrun for iot_temperature_processing to 2026-02-03 02:00:00+00:00, run_after=2026-02-04 02:00:00+00:00
[2026-02-03T20:29:54.972+0000] {processor.py:183} INFO - Processing /opt/airflow/dags/iot_temperature_processing.py took 0.469 seconds
[2026-02-03T20:30:16.590+0000] {processor.py:161} INFO - Started process (PID=219) to work on /opt/airflow/dags/iot_temperature_processing.py
[2026-02-03T20:30:16.594+0000] {processor.py:830} INFO - Processing file /opt/airflow/dags/iot_temperature_processing.py for tasks to queue
[2026-02-03T20:30:16.596+0000] {logging_mixin.py:188} INFO - [2026-02-03T20:30:16.596+0000] {dagbag.py:545} INFO - Filling up the DagBag from /opt/airflow/dags/iot_temperature_processing.py
[2026-02-03T20:30:16.807+0000] {processor.py:840} INFO - DAG(s) 'iot_temperature_processing' retrieved from /opt/airflow/dags/iot_temperature_processing.py
[2026-02-03T20:30:16.982+0000] {logging_mixin.py:188} INFO - [2026-02-03T20:30:16.982+0000] {dag.py:3089} INFO - Sync 1 DAGs
[2026-02-03T20:30:16.988+0000] {logging_mixin.py:188} INFO - [2026-02-03T20:30:16.988+0000] {dag.py:3947} INFO - Setting next_dagrun for iot_temperature_processing to None, run_after=None
[2026-02-03T20:30:17.007+0000] {processor.py:183} INFO - Processing /opt/airflow/dags/iot_temperature_processing.py took 0.423 seconds
[2026-02-03T20:32:22.278+0000] {processor.py:161} INFO - Started process (PID=36) to work on /opt/airflow/dags/iot_temperature_processing.py
[2026-02-03T20:32:22.281+0000] {processor.py:830} INFO - Processing file /opt/airflow/dags/iot_temperature_processing.py for tasks to queue
[2026-02-03T20:32:22.282+0000] {logging_mixin.py:188} INFO - [2026-02-03T20:32:22.282+0000] {dagbag.py:545} INFO - Filling up the DagBag from /opt/airflow/dags/iot_temperature_processing.py
[2026-02-03T20:32:23.062+0000] {processor.py:840} INFO - DAG(s) 'iot_temperature_processing' retrieved from /opt/airflow/dags/iot_temperature_processing.py
[2026-02-03T20:32:23.225+0000] {logging_mixin.py:188} INFO - [2026-02-03T20:32:23.224+0000] {override.py:1858} INFO - Created Permission View: can delete on DAG:iot_temperature_processing
[2026-02-03T20:32:23.235+0000] {logging_mixin.py:188} INFO - [2026-02-03T20:32:23.234+0000] {override.py:1858} INFO - Created Permission View: can read on DAG:iot_temperature_processing
[2026-02-03T20:32:23.242+0000] {logging_mixin.py:188} INFO - [2026-02-03T20:32:23.242+0000] {override.py:1858} INFO - Created Permission View: can edit on DAG:iot_temperature_processing
[2026-02-03T20:32:23.243+0000] {logging_mixin.py:188} INFO - [2026-02-03T20:32:23.243+0000] {dag.py:3089} INFO - Sync 1 DAGs
[2026-02-03T20:32:23.251+0000] {logging_mixin.py:188} INFO - [2026-02-03T20:32:23.251+0000] {dag.py:3111} INFO - Creating ORM DAG for iot_temperature_processing
[2026-02-03T20:32:23.252+0000] {logging_mixin.py:188} INFO - [2026-02-03T20:32:23.252+0000] {dag.py:3947} INFO - Setting next_dagrun for iot_temperature_processing to None, run_after=None
[2026-02-03T20:32:23.398+0000] {processor.py:183} INFO - Processing /opt/airflow/dags/iot_temperature_processing.py took 1.125 seconds
[2026-02-03T20:32:53.441+0000] {processor.py:161} INFO - Started process (PID=39) to work on /opt/airflow/dags/iot_temperature_processing.py
[2026-02-03T20:32:53.445+0000] {processor.py:830} INFO - Processing file /opt/airflow/dags/iot_temperature_processing.py for tasks to queue
[2026-02-03T20:32:53.447+0000] {logging_mixin.py:188} INFO - [2026-02-03T20:32:53.447+0000] {dagbag.py:545} INFO - Filling up the DagBag from /opt/airflow/dags/iot_temperature_processing.py
[2026-02-03T20:32:53.667+0000] {processor.py:840} INFO - DAG(s) 'iot_temperature_processing' retrieved from /opt/airflow/dags/iot_temperature_processing.py
[2026-02-03T20:32:53.688+0000] {logging_mixin.py:188} INFO - [2026-02-03T20:32:53.688+0000] {dag.py:3089} INFO - Sync 1 DAGs
[2026-02-03T20:32:53.698+0000] {logging_mixin.py:188} INFO - [2026-02-03T20:32:53.698+0000] {dag.py:3947} INFO - Setting next_dagrun for iot_temperature_processing to None, run_after=None
[2026-02-03T20:32:53.719+0000] {processor.py:183} INFO - Processing /opt/airflow/dags/iot_temperature_processing.py took 0.283 seconds
[2026-02-03T20:33:23.854+0000] {processor.py:161} INFO - Started process (PID=41) to work on /opt/airflow/dags/iot_temperature_processing.py
[2026-02-03T20:33:23.858+0000] {processor.py:830} INFO - Processing file /opt/airflow/dags/iot_temperature_processing.py for tasks to queue
[2026-02-03T20:33:23.859+0000] {logging_mixin.py:188} INFO - [2026-02-03T20:33:23.859+0000] {dagbag.py:545} INFO - Filling up the DagBag from /opt/airflow/dags/iot_temperature_processing.py
[2026-02-03T20:33:24.054+0000] {processor.py:840} INFO - DAG(s) 'iot_temperature_processing' retrieved from /opt/airflow/dags/iot_temperature_processing.py
[2026-02-03T20:33:24.079+0000] {logging_mixin.py:188} INFO - [2026-02-03T20:33:24.078+0000] {dag.py:3089} INFO - Sync 1 DAGs
[2026-02-03T20:33:24.089+0000] {logging_mixin.py:188} INFO - [2026-02-03T20:33:24.089+0000] {dag.py:3947} INFO - Setting next_dagrun for iot_temperature_processing to None, run_after=None
[2026-02-03T20:33:24.112+0000] {processor.py:183} INFO - Processing /opt/airflow/dags/iot_temperature_processing.py took 0.262 seconds
[2026-02-03T20:33:54.244+0000] {processor.py:161} INFO - Started process (PID=43) to work on /opt/airflow/dags/iot_temperature_processing.py
[2026-02-03T20:33:54.249+0000] {processor.py:830} INFO - Processing file /opt/airflow/dags/iot_temperature_processing.py for tasks to queue
[2026-02-03T20:33:54.250+0000] {logging_mixin.py:188} INFO - [2026-02-03T20:33:54.250+0000] {dagbag.py:545} INFO - Filling up the DagBag from /opt/airflow/dags/iot_temperature_processing.py
[2026-02-03T20:33:54.462+0000] {processor.py:840} INFO - DAG(s) 'iot_temperature_processing' retrieved from /opt/airflow/dags/iot_temperature_processing.py
[2026-02-03T20:33:54.485+0000] {logging_mixin.py:188} INFO - [2026-02-03T20:33:54.485+0000] {dag.py:3089} INFO - Sync 1 DAGs
[2026-02-03T20:33:54.494+0000] {logging_mixin.py:188} INFO - [2026-02-03T20:33:54.494+0000] {dag.py:3947} INFO - Setting next_dagrun for iot_temperature_processing to None, run_after=None
[2026-02-03T20:33:54.509+0000] {processor.py:183} INFO - Processing /opt/airflow/dags/iot_temperature_processing.py took 0.271 seconds
[2026-02-03T20:34:24.640+0000] {processor.py:161} INFO - Started process (PID=45) to work on /opt/airflow/dags/iot_temperature_processing.py
[2026-02-03T20:34:24.645+0000] {processor.py:830} INFO - Processing file /opt/airflow/dags/iot_temperature_processing.py for tasks to queue
[2026-02-03T20:34:24.646+0000] {logging_mixin.py:188} INFO - [2026-02-03T20:34:24.646+0000] {dagbag.py:545} INFO - Filling up the DagBag from /opt/airflow/dags/iot_temperature_processing.py
[2026-02-03T20:34:24.844+0000] {processor.py:840} INFO - DAG(s) 'iot_temperature_processing' retrieved from /opt/airflow/dags/iot_temperature_processing.py
[2026-02-03T20:34:24.867+0000] {logging_mixin.py:188} INFO - [2026-02-03T20:34:24.867+0000] {dag.py:3089} INFO - Sync 1 DAGs
[2026-02-03T20:34:24.876+0000] {logging_mixin.py:188} INFO - [2026-02-03T20:34:24.876+0000] {dag.py:3947} INFO - Setting next_dagrun for iot_temperature_processing to None, run_after=None
[2026-02-03T20:34:24.895+0000] {processor.py:183} INFO - Processing /opt/airflow/dags/iot_temperature_processing.py took 0.259 seconds
[2026-02-03T20:34:55.029+0000] {processor.py:161} INFO - Started process (PID=47) to work on /opt/airflow/dags/iot_temperature_processing.py
[2026-02-03T20:34:55.033+0000] {processor.py:830} INFO - Processing file /opt/airflow/dags/iot_temperature_processing.py for tasks to queue
[2026-02-03T20:34:55.035+0000] {logging_mixin.py:188} INFO - [2026-02-03T20:34:55.034+0000] {dagbag.py:545} INFO - Filling up the DagBag from /opt/airflow/dags/iot_temperature_processing.py
[2026-02-03T20:34:55.232+0000] {processor.py:840} INFO - DAG(s) 'iot_temperature_processing' retrieved from /opt/airflow/dags/iot_temperature_processing.py
[2026-02-03T20:34:55.254+0000] {logging_mixin.py:188} INFO - [2026-02-03T20:34:55.254+0000] {dag.py:3089} INFO - Sync 1 DAGs
[2026-02-03T20:34:55.263+0000] {logging_mixin.py:188} INFO - [2026-02-03T20:34:55.263+0000] {dag.py:3947} INFO - Setting next_dagrun for iot_temperature_processing to None, run_after=None
[2026-02-03T20:34:55.282+0000] {processor.py:183} INFO - Processing /opt/airflow/dags/iot_temperature_processing.py took 0.258 seconds
[2026-02-03T20:35:25.418+0000] {processor.py:161} INFO - Started process (PID=159) to work on /opt/airflow/dags/iot_temperature_processing.py
[2026-02-03T20:35:25.422+0000] {processor.py:830} INFO - Processing file /opt/airflow/dags/iot_temperature_processing.py for tasks to queue
[2026-02-03T20:35:25.424+0000] {logging_mixin.py:188} INFO - [2026-02-03T20:35:25.423+0000] {dagbag.py:545} INFO - Filling up the DagBag from /opt/airflow/dags/iot_temperature_processing.py
[2026-02-03T20:35:25.652+0000] {processor.py:840} INFO - DAG(s) 'iot_temperature_processing' retrieved from /opt/airflow/dags/iot_temperature_processing.py
[2026-02-03T20:35:25.672+0000] {logging_mixin.py:188} INFO - [2026-02-03T20:35:25.672+0000] {dag.py:3089} INFO - Sync 1 DAGs
[2026-02-03T20:35:25.682+0000] {logging_mixin.py:188} INFO - [2026-02-03T20:35:25.682+0000] {dag.py:3947} INFO - Setting next_dagrun for iot_temperature_processing to None, run_after=None
[2026-02-03T20:35:25.704+0000] {processor.py:183} INFO - Processing /opt/airflow/dags/iot_temperature_processing.py took 0.290 seconds
[2026-02-03T20:35:32.752+0000] {processor.py:161} INFO - Started process (PID=161) to work on /opt/airflow/dags/iot_temperature_processing.py
[2026-02-03T20:35:32.753+0000] {processor.py:830} INFO - Processing file /opt/airflow/dags/iot_temperature_processing.py for tasks to queue
[2026-02-03T20:35:32.754+0000] {logging_mixin.py:188} INFO - [2026-02-03T20:35:32.754+0000] {dagbag.py:545} INFO - Filling up the DagBag from /opt/airflow/dags/iot_temperature_processing.py
[2026-02-03T20:35:32.947+0000] {processor.py:840} INFO - DAG(s) 'iot_temperature_processing' retrieved from /opt/airflow/dags/iot_temperature_processing.py
[2026-02-03T20:35:32.969+0000] {logging_mixin.py:188} INFO - [2026-02-03T20:35:32.969+0000] {dag.py:3089} INFO - Sync 1 DAGs
[2026-02-03T20:35:32.978+0000] {logging_mixin.py:188} INFO - [2026-02-03T20:35:32.978+0000] {dag.py:3947} INFO - Setting next_dagrun for iot_temperature_processing to None, run_after=None
[2026-02-03T20:35:33.001+0000] {processor.py:183} INFO - Processing /opt/airflow/dags/iot_temperature_processing.py took 0.255 seconds
[2026-02-03T20:35:37.779+0000] {processor.py:161} INFO - Started process (PID=163) to work on /opt/airflow/dags/iot_temperature_processing.py
[2026-02-03T20:35:37.780+0000] {processor.py:830} INFO - Processing file /opt/airflow/dags/iot_temperature_processing.py for tasks to queue
[2026-02-03T20:35:37.782+0000] {logging_mixin.py:188} INFO - [2026-02-03T20:35:37.781+0000] {dagbag.py:545} INFO - Filling up the DagBag from /opt/airflow/dags/iot_temperature_processing.py
[2026-02-03T20:35:38.000+0000] {processor.py:840} INFO - DAG(s) 'iot_temperature_processing' retrieved from /opt/airflow/dags/iot_temperature_processing.py
[2026-02-03T20:35:38.022+0000] {logging_mixin.py:188} INFO - [2026-02-03T20:35:38.022+0000] {dag.py:3089} INFO - Sync 1 DAGs
[2026-02-03T20:35:38.031+0000] {logging_mixin.py:188} INFO - [2026-02-03T20:35:38.031+0000] {dag.py:3947} INFO - Setting next_dagrun for iot_temperature_processing to None, run_after=None
[2026-02-03T20:35:38.048+0000] {processor.py:183} INFO - Processing /opt/airflow/dags/iot_temperature_processing.py took 0.274 seconds
[2026-02-03T20:35:44.058+0000] {processor.py:161} INFO - Started process (PID=165) to work on /opt/airflow/dags/iot_temperature_processing.py
[2026-02-03T20:35:44.063+0000] {processor.py:830} INFO - Processing file /opt/airflow/dags/iot_temperature_processing.py for tasks to queue
[2026-02-03T20:35:44.064+0000] {logging_mixin.py:188} INFO - [2026-02-03T20:35:44.064+0000] {dagbag.py:545} INFO - Filling up the DagBag from /opt/airflow/dags/iot_temperature_processing.py
[2026-02-03T20:35:44.260+0000] {processor.py:840} INFO - DAG(s) 'iot_temperature_processing' retrieved from /opt/airflow/dags/iot_temperature_processing.py
[2026-02-03T20:35:44.283+0000] {logging_mixin.py:188} INFO - [2026-02-03T20:35:44.283+0000] {dag.py:3089} INFO - Sync 1 DAGs
[2026-02-03T20:35:44.293+0000] {logging_mixin.py:188} INFO - [2026-02-03T20:35:44.293+0000] {dag.py:3947} INFO - Setting next_dagrun for iot_temperature_processing to None, run_after=None
[2026-02-03T20:35:44.315+0000] {processor.py:183} INFO - Processing /opt/airflow/dags/iot_temperature_processing.py took 0.262 seconds
[2026-02-03T20:36:07.204+0000] {processor.py:161} INFO - Started process (PID=167) to work on /opt/airflow/dags/iot_temperature_processing.py
[2026-02-03T20:36:07.205+0000] {processor.py:830} INFO - Processing file /opt/airflow/dags/iot_temperature_processing.py for tasks to queue
[2026-02-03T20:36:07.206+0000] {logging_mixin.py:188} INFO - [2026-02-03T20:36:07.206+0000] {dagbag.py:545} INFO - Filling up the DagBag from /opt/airflow/dags/iot_temperature_processing.py
[2026-02-03T20:36:07.425+0000] {processor.py:840} INFO - DAG(s) 'iot_temperature_processing' retrieved from /opt/airflow/dags/iot_temperature_processing.py
[2026-02-03T20:36:07.448+0000] {logging_mixin.py:188} INFO - [2026-02-03T20:36:07.448+0000] {dag.py:3089} INFO - Sync 1 DAGs
[2026-02-03T20:36:07.457+0000] {logging_mixin.py:188} INFO - [2026-02-03T20:36:07.457+0000] {dag.py:3947} INFO - Setting next_dagrun for iot_temperature_processing to None, run_after=None
[2026-02-03T20:36:07.477+0000] {processor.py:183} INFO - Processing /opt/airflow/dags/iot_temperature_processing.py took 0.278 seconds
[2026-02-03T20:36:09.445+0000] {processor.py:161} INFO - Started process (PID=169) to work on /opt/airflow/dags/iot_temperature_processing.py
[2026-02-03T20:36:09.446+0000] {processor.py:830} INFO - Processing file /opt/airflow/dags/iot_temperature_processing.py for tasks to queue
[2026-02-03T20:36:09.447+0000] {logging_mixin.py:188} INFO - [2026-02-03T20:36:09.447+0000] {dagbag.py:545} INFO - Filling up the DagBag from /opt/airflow/dags/iot_temperature_processing.py
[2026-02-03T20:36:09.665+0000] {processor.py:840} INFO - DAG(s) 'iot_temperature_processing' retrieved from /opt/airflow/dags/iot_temperature_processing.py
[2026-02-03T20:36:09.690+0000] {logging_mixin.py:188} INFO - [2026-02-03T20:36:09.689+0000] {dag.py:3089} INFO - Sync 1 DAGs
[2026-02-03T20:36:09.700+0000] {logging_mixin.py:188} INFO - [2026-02-03T20:36:09.700+0000] {dag.py:3947} INFO - Setting next_dagrun for iot_temperature_processing to None, run_after=None
[2026-02-03T20:36:09.721+0000] {processor.py:183} INFO - Processing /opt/airflow/dags/iot_temperature_processing.py took 0.280 seconds
[2026-02-03T20:36:12.750+0000] {processor.py:161} INFO - Started process (PID=171) to work on /opt/airflow/dags/iot_temperature_processing.py
[2026-02-03T20:36:12.751+0000] {processor.py:830} INFO - Processing file /opt/airflow/dags/iot_temperature_processing.py for tasks to queue
[2026-02-03T20:36:12.753+0000] {logging_mixin.py:188} INFO - [2026-02-03T20:36:12.752+0000] {dagbag.py:545} INFO - Filling up the DagBag from /opt/airflow/dags/iot_temperature_processing.py
[2026-02-03T20:36:12.965+0000] {processor.py:840} INFO - DAG(s) 'iot_temperature_processing' retrieved from /opt/airflow/dags/iot_temperature_processing.py
[2026-02-03T20:36:12.986+0000] {logging_mixin.py:188} INFO - [2026-02-03T20:36:12.986+0000] {dag.py:3089} INFO - Sync 1 DAGs
[2026-02-03T20:36:12.995+0000] {logging_mixin.py:188} INFO - [2026-02-03T20:36:12.995+0000] {dag.py:3947} INFO - Setting next_dagrun for iot_temperature_processing to None, run_after=None
[2026-02-03T20:36:13.015+0000] {processor.py:183} INFO - Processing /opt/airflow/dags/iot_temperature_processing.py took 0.271 seconds
[2026-02-03T20:36:16.767+0000] {processor.py:161} INFO - Started process (PID=173) to work on /opt/airflow/dags/iot_temperature_processing.py
[2026-02-03T20:36:16.768+0000] {processor.py:830} INFO - Processing file /opt/airflow/dags/iot_temperature_processing.py for tasks to queue
[2026-02-03T20:36:16.770+0000] {logging_mixin.py:188} INFO - [2026-02-03T20:36:16.770+0000] {dagbag.py:545} INFO - Filling up the DagBag from /opt/airflow/dags/iot_temperature_processing.py
[2026-02-03T20:36:16.987+0000] {processor.py:840} INFO - DAG(s) 'iot_temperature_processing' retrieved from /opt/airflow/dags/iot_temperature_processing.py
[2026-02-03T20:36:17.012+0000] {logging_mixin.py:188} INFO - [2026-02-03T20:36:17.011+0000] {dag.py:3089} INFO - Sync 1 DAGs
[2026-02-03T20:36:17.022+0000] {logging_mixin.py:188} INFO - [2026-02-03T20:36:17.022+0000] {dag.py:3947} INFO - Setting next_dagrun for iot_temperature_processing to None, run_after=None
[2026-02-03T20:36:17.044+0000] {processor.py:183} INFO - Processing /opt/airflow/dags/iot_temperature_processing.py took 0.281 seconds
[2026-02-03T20:36:22.093+0000] {processor.py:161} INFO - Started process (PID=175) to work on /opt/airflow/dags/iot_temperature_processing.py
[2026-02-03T20:36:22.093+0000] {processor.py:830} INFO - Processing file /opt/airflow/dags/iot_temperature_processing.py for tasks to queue
[2026-02-03T20:36:22.095+0000] {logging_mixin.py:188} INFO - [2026-02-03T20:36:22.094+0000] {dagbag.py:545} INFO - Filling up the DagBag from /opt/airflow/dags/iot_temperature_processing.py
[2026-02-03T20:36:22.318+0000] {processor.py:840} INFO - DAG(s) 'iot_temperature_processing' retrieved from /opt/airflow/dags/iot_temperature_processing.py
[2026-02-03T20:36:22.338+0000] {logging_mixin.py:188} INFO - [2026-02-03T20:36:22.337+0000] {dag.py:3089} INFO - Sync 1 DAGs
[2026-02-03T20:36:22.348+0000] {logging_mixin.py:188} INFO - [2026-02-03T20:36:22.348+0000] {dag.py:3947} INFO - Setting next_dagrun for iot_temperature_processing to None, run_after=None
[2026-02-03T20:36:22.367+0000] {processor.py:183} INFO - Processing /opt/airflow/dags/iot_temperature_processing.py took 0.279 seconds
[2026-02-03T20:36:27.122+0000] {processor.py:161} INFO - Started process (PID=177) to work on /opt/airflow/dags/iot_temperature_processing.py
[2026-02-03T20:36:27.123+0000] {processor.py:830} INFO - Processing file /opt/airflow/dags/iot_temperature_processing.py for tasks to queue
[2026-02-03T20:36:27.125+0000] {logging_mixin.py:188} INFO - [2026-02-03T20:36:27.124+0000] {dagbag.py:545} INFO - Filling up the DagBag from /opt/airflow/dags/iot_temperature_processing.py
[2026-02-03T20:36:27.332+0000] {processor.py:840} INFO - DAG(s) 'iot_temperature_processing' retrieved from /opt/airflow/dags/iot_temperature_processing.py
[2026-02-03T20:36:27.357+0000] {logging_mixin.py:188} INFO - [2026-02-03T20:36:27.357+0000] {dag.py:3089} INFO - Sync 1 DAGs
[2026-02-03T20:36:27.366+0000] {logging_mixin.py:188} INFO - [2026-02-03T20:36:27.366+0000] {dag.py:3947} INFO - Setting next_dagrun for iot_temperature_processing to None, run_after=None
[2026-02-03T20:36:27.385+0000] {processor.py:183} INFO - Processing /opt/airflow/dags/iot_temperature_processing.py took 0.268 seconds
[2026-02-03T20:36:31.142+0000] {processor.py:161} INFO - Started process (PID=179) to work on /opt/airflow/dags/iot_temperature_processing.py
[2026-02-03T20:36:31.142+0000] {processor.py:830} INFO - Processing file /opt/airflow/dags/iot_temperature_processing.py for tasks to queue
[2026-02-03T20:36:31.144+0000] {logging_mixin.py:188} INFO - [2026-02-03T20:36:31.144+0000] {dagbag.py:545} INFO - Filling up the DagBag from /opt/airflow/dags/iot_temperature_processing.py
[2026-02-03T20:36:31.348+0000] {processor.py:840} INFO - DAG(s) 'iot_temperature_processing' retrieved from /opt/airflow/dags/iot_temperature_processing.py
[2026-02-03T20:36:31.370+0000] {logging_mixin.py:188} INFO - [2026-02-03T20:36:31.369+0000] {dag.py:3089} INFO - Sync 1 DAGs
[2026-02-03T20:36:31.379+0000] {logging_mixin.py:188} INFO - [2026-02-03T20:36:31.378+0000] {dag.py:3947} INFO - Setting next_dagrun for iot_temperature_processing to None, run_after=None
[2026-02-03T20:36:31.398+0000] {processor.py:183} INFO - Processing /opt/airflow/dags/iot_temperature_processing.py took 0.262 seconds
[2026-02-03T20:36:35.160+0000] {processor.py:161} INFO - Started process (PID=181) to work on /opt/airflow/dags/iot_temperature_processing.py
[2026-02-03T20:36:35.161+0000] {processor.py:830} INFO - Processing file /opt/airflow/dags/iot_temperature_processing.py for tasks to queue
[2026-02-03T20:36:35.162+0000] {logging_mixin.py:188} INFO - [2026-02-03T20:36:35.162+0000] {dagbag.py:545} INFO - Filling up the DagBag from /opt/airflow/dags/iot_temperature_processing.py
[2026-02-03T20:36:35.360+0000] {processor.py:840} INFO - DAG(s) 'iot_temperature_processing' retrieved from /opt/airflow/dags/iot_temperature_processing.py
[2026-02-03T20:36:35.384+0000] {logging_mixin.py:188} INFO - [2026-02-03T20:36:35.384+0000] {dag.py:3089} INFO - Sync 1 DAGs
[2026-02-03T20:36:35.394+0000] {logging_mixin.py:188} INFO - [2026-02-03T20:36:35.393+0000] {dag.py:3947} INFO - Setting next_dagrun for iot_temperature_processing to None, run_after=None
[2026-02-03T20:36:35.414+0000] {processor.py:183} INFO - Processing /opt/airflow/dags/iot_temperature_processing.py took 0.258 seconds
[2026-02-03T20:36:38.439+0000] {processor.py:161} INFO - Started process (PID=183) to work on /opt/airflow/dags/iot_temperature_processing.py
[2026-02-03T20:36:38.443+0000] {processor.py:830} INFO - Processing file /opt/airflow/dags/iot_temperature_processing.py for tasks to queue
[2026-02-03T20:36:38.445+0000] {logging_mixin.py:188} INFO - [2026-02-03T20:36:38.444+0000] {dagbag.py:545} INFO - Filling up the DagBag from /opt/airflow/dags/iot_temperature_processing.py
[2026-02-03T20:36:38.627+0000] {processor.py:840} INFO - DAG(s) 'iot_temperature_processing' retrieved from /opt/airflow/dags/iot_temperature_processing.py
[2026-02-03T20:36:38.650+0000] {logging_mixin.py:188} INFO - [2026-02-03T20:36:38.649+0000] {dag.py:3089} INFO - Sync 1 DAGs
[2026-02-03T20:36:38.660+0000] {logging_mixin.py:188} INFO - [2026-02-03T20:36:38.660+0000] {dag.py:3947} INFO - Setting next_dagrun for iot_temperature_processing to None, run_after=None
[2026-02-03T20:36:38.806+0000] {processor.py:183} INFO - Processing /opt/airflow/dags/iot_temperature_processing.py took 0.372 seconds
[2026-02-03T20:36:42.458+0000] {processor.py:161} INFO - Started process (PID=185) to work on /opt/airflow/dags/iot_temperature_processing.py
[2026-02-03T20:36:42.462+0000] {processor.py:830} INFO - Processing file /opt/airflow/dags/iot_temperature_processing.py for tasks to queue
[2026-02-03T20:36:42.464+0000] {logging_mixin.py:188} INFO - [2026-02-03T20:36:42.464+0000] {dagbag.py:545} INFO - Filling up the DagBag from /opt/airflow/dags/iot_temperature_processing.py
[2026-02-03T20:36:42.657+0000] {processor.py:840} INFO - DAG(s) 'iot_temperature_processing' retrieved from /opt/airflow/dags/iot_temperature_processing.py
[2026-02-03T20:36:42.678+0000] {logging_mixin.py:188} INFO - [2026-02-03T20:36:42.678+0000] {dag.py:3089} INFO - Sync 1 DAGs
[2026-02-03T20:36:42.688+0000] {logging_mixin.py:188} INFO - [2026-02-03T20:36:42.687+0000] {dag.py:3947} INFO - Setting next_dagrun for iot_temperature_processing to None, run_after=None
[2026-02-03T20:36:42.816+0000] {processor.py:183} INFO - Processing /opt/airflow/dags/iot_temperature_processing.py took 0.363 seconds
[2026-02-03T20:36:46.485+0000] {processor.py:161} INFO - Started process (PID=187) to work on /opt/airflow/dags/iot_temperature_processing.py
[2026-02-03T20:36:46.486+0000] {processor.py:830} INFO - Processing file /opt/airflow/dags/iot_temperature_processing.py for tasks to queue
[2026-02-03T20:36:46.487+0000] {logging_mixin.py:188} INFO - [2026-02-03T20:36:46.487+0000] {dagbag.py:545} INFO - Filling up the DagBag from /opt/airflow/dags/iot_temperature_processing.py
[2026-02-03T20:36:46.672+0000] {processor.py:840} INFO - DAG(s) 'iot_temperature_processing' retrieved from /opt/airflow/dags/iot_temperature_processing.py
[2026-02-03T20:36:46.694+0000] {logging_mixin.py:188} INFO - [2026-02-03T20:36:46.694+0000] {dag.py:3089} INFO - Sync 1 DAGs
[2026-02-03T20:36:46.822+0000] {logging_mixin.py:188} INFO - [2026-02-03T20:36:46.822+0000] {dag.py:3947} INFO - Setting next_dagrun for iot_temperature_processing to None, run_after=None
[2026-02-03T20:36:46.838+0000] {processor.py:183} INFO - Processing /opt/airflow/dags/iot_temperature_processing.py took 0.359 seconds
[2026-02-03T20:37:17.000+0000] {processor.py:161} INFO - Started process (PID=189) to work on /opt/airflow/dags/iot_temperature_processing.py
[2026-02-03T20:37:17.004+0000] {processor.py:830} INFO - Processing file /opt/airflow/dags/iot_temperature_processing.py for tasks to queue
[2026-02-03T20:37:17.005+0000] {logging_mixin.py:188} INFO - [2026-02-03T20:37:17.005+0000] {dagbag.py:545} INFO - Filling up the DagBag from /opt/airflow/dags/iot_temperature_processing.py
[2026-02-03T20:37:17.196+0000] {processor.py:840} INFO - DAG(s) 'iot_temperature_processing' retrieved from /opt/airflow/dags/iot_temperature_processing.py
[2026-02-03T20:37:17.216+0000] {logging_mixin.py:188} INFO - [2026-02-03T20:37:17.216+0000] {dag.py:3089} INFO - Sync 1 DAGs
[2026-02-03T20:37:17.223+0000] {logging_mixin.py:188} INFO - [2026-02-03T20:37:17.223+0000] {dag.py:3947} INFO - Setting next_dagrun for iot_temperature_processing to None, run_after=None
[2026-02-03T20:37:17.242+0000] {processor.py:183} INFO - Processing /opt/airflow/dags/iot_temperature_processing.py took 0.247 seconds
[2026-02-03T20:37:47.396+0000] {processor.py:161} INFO - Started process (PID=191) to work on /opt/airflow/dags/iot_temperature_processing.py
[2026-02-03T20:37:47.400+0000] {processor.py:830} INFO - Processing file /opt/airflow/dags/iot_temperature_processing.py for tasks to queue
[2026-02-03T20:37:47.401+0000] {logging_mixin.py:188} INFO - [2026-02-03T20:37:47.401+0000] {dagbag.py:545} INFO - Filling up the DagBag from /opt/airflow/dags/iot_temperature_processing.py
[2026-02-03T20:37:47.579+0000] {processor.py:840} INFO - DAG(s) 'iot_temperature_processing' retrieved from /opt/airflow/dags/iot_temperature_processing.py
[2026-02-03T20:37:47.601+0000] {logging_mixin.py:188} INFO - [2026-02-03T20:37:47.601+0000] {dag.py:3089} INFO - Sync 1 DAGs
[2026-02-03T20:37:47.610+0000] {logging_mixin.py:188} INFO - [2026-02-03T20:37:47.610+0000] {dag.py:3947} INFO - Setting next_dagrun for iot_temperature_processing to None, run_after=None
[2026-02-03T20:37:47.627+0000] {processor.py:183} INFO - Processing /opt/airflow/dags/iot_temperature_processing.py took 0.236 seconds
[2026-02-03T20:38:17.759+0000] {processor.py:161} INFO - Started process (PID=193) to work on /opt/airflow/dags/iot_temperature_processing.py
[2026-02-03T20:38:17.764+0000] {processor.py:830} INFO - Processing file /opt/airflow/dags/iot_temperature_processing.py for tasks to queue
[2026-02-03T20:38:17.766+0000] {logging_mixin.py:188} INFO - [2026-02-03T20:38:17.765+0000] {dagbag.py:545} INFO - Filling up the DagBag from /opt/airflow/dags/iot_temperature_processing.py
[2026-02-03T20:38:17.987+0000] {processor.py:840} INFO - DAG(s) 'iot_temperature_processing' retrieved from /opt/airflow/dags/iot_temperature_processing.py
[2026-02-03T20:38:18.010+0000] {logging_mixin.py:188} INFO - [2026-02-03T20:38:18.009+0000] {dag.py:3089} INFO - Sync 1 DAGs
[2026-02-03T20:38:18.021+0000] {logging_mixin.py:188} INFO - [2026-02-03T20:38:18.021+0000] {dag.py:3947} INFO - Setting next_dagrun for iot_temperature_processing to None, run_after=None
[2026-02-03T20:38:18.037+0000] {processor.py:183} INFO - Processing /opt/airflow/dags/iot_temperature_processing.py took 0.253 seconds
[2026-02-03T20:38:48.198+0000] {processor.py:161} INFO - Started process (PID=195) to work on /opt/airflow/dags/iot_temperature_processing.py
[2026-02-03T20:38:48.203+0000] {processor.py:830} INFO - Processing file /opt/airflow/dags/iot_temperature_processing.py for tasks to queue
[2026-02-03T20:38:48.205+0000] {logging_mixin.py:188} INFO - [2026-02-03T20:38:48.204+0000] {dagbag.py:545} INFO - Filling up the DagBag from /opt/airflow/dags/iot_temperature_processing.py
[2026-02-03T20:38:48.395+0000] {processor.py:840} INFO - DAG(s) 'iot_temperature_processing' retrieved from /opt/airflow/dags/iot_temperature_processing.py
[2026-02-03T20:38:48.421+0000] {logging_mixin.py:188} INFO - [2026-02-03T20:38:48.421+0000] {dag.py:3089} INFO - Sync 1 DAGs
[2026-02-03T20:38:48.539+0000] {logging_mixin.py:188} INFO - [2026-02-03T20:38:48.539+0000] {dag.py:3947} INFO - Setting next_dagrun for iot_temperature_processing to None, run_after=None
[2026-02-03T20:38:48.557+0000] {processor.py:183} INFO - Processing /opt/airflow/dags/iot_temperature_processing.py took 0.364 seconds
[2026-02-03T20:39:18.714+0000] {processor.py:161} INFO - Started process (PID=197) to work on /opt/airflow/dags/iot_temperature_processing.py
[2026-02-03T20:39:18.719+0000] {processor.py:830} INFO - Processing file /opt/airflow/dags/iot_temperature_processing.py for tasks to queue
[2026-02-03T20:39:18.720+0000] {logging_mixin.py:188} INFO - [2026-02-03T20:39:18.720+0000] {dagbag.py:545} INFO - Filling up the DagBag from /opt/airflow/dags/iot_temperature_processing.py
[2026-02-03T20:39:18.914+0000] {processor.py:840} INFO - DAG(s) 'iot_temperature_processing' retrieved from /opt/airflow/dags/iot_temperature_processing.py
[2026-02-03T20:39:19.043+0000] {logging_mixin.py:188} INFO - [2026-02-03T20:39:19.043+0000] {dag.py:3089} INFO - Sync 1 DAGs
[2026-02-03T20:39:19.051+0000] {logging_mixin.py:188} INFO - [2026-02-03T20:39:19.051+0000] {dag.py:3947} INFO - Setting next_dagrun for iot_temperature_processing to None, run_after=None
[2026-02-03T20:39:19.067+0000] {processor.py:183} INFO - Processing /opt/airflow/dags/iot_temperature_processing.py took 0.357 seconds
[2026-02-03T20:39:49.219+0000] {processor.py:161} INFO - Started process (PID=199) to work on /opt/airflow/dags/iot_temperature_processing.py
[2026-02-03T20:39:49.223+0000] {processor.py:830} INFO - Processing file /opt/airflow/dags/iot_temperature_processing.py for tasks to queue
[2026-02-03T20:39:49.224+0000] {logging_mixin.py:188} INFO - [2026-02-03T20:39:49.224+0000] {dagbag.py:545} INFO - Filling up the DagBag from /opt/airflow/dags/iot_temperature_processing.py
[2026-02-03T20:39:49.551+0000] {processor.py:840} INFO - DAG(s) 'iot_temperature_processing' retrieved from /opt/airflow/dags/iot_temperature_processing.py
[2026-02-03T20:39:49.574+0000] {logging_mixin.py:188} INFO - [2026-02-03T20:39:49.573+0000] {dag.py:3089} INFO - Sync 1 DAGs
[2026-02-03T20:39:49.582+0000] {logging_mixin.py:188} INFO - [2026-02-03T20:39:49.582+0000] {dag.py:3947} INFO - Setting next_dagrun for iot_temperature_processing to None, run_after=None
[2026-02-03T20:39:49.601+0000] {processor.py:183} INFO - Processing /opt/airflow/dags/iot_temperature_processing.py took 0.386 seconds
[2026-02-03T20:40:19.738+0000] {processor.py:161} INFO - Started process (PID=201) to work on /opt/airflow/dags/iot_temperature_processing.py
[2026-02-03T20:40:19.743+0000] {processor.py:830} INFO - Processing file /opt/airflow/dags/iot_temperature_processing.py for tasks to queue
[2026-02-03T20:40:19.744+0000] {logging_mixin.py:188} INFO - [2026-02-03T20:40:19.744+0000] {dagbag.py:545} INFO - Filling up the DagBag from /opt/airflow/dags/iot_temperature_processing.py
[2026-02-03T20:40:19.970+0000] {processor.py:840} INFO - DAG(s) 'iot_temperature_processing' retrieved from /opt/airflow/dags/iot_temperature_processing.py
[2026-02-03T20:40:19.997+0000] {logging_mixin.py:188} INFO - [2026-02-03T20:40:19.997+0000] {dag.py:3089} INFO - Sync 1 DAGs
[2026-02-03T20:40:20.008+0000] {logging_mixin.py:188} INFO - [2026-02-03T20:40:20.008+0000] {dag.py:3947} INFO - Setting next_dagrun for iot_temperature_processing to None, run_after=None
[2026-02-03T20:40:20.028+0000] {processor.py:183} INFO - Processing /opt/airflow/dags/iot_temperature_processing.py took 0.294 seconds
