[2026-02-03T20:35:01.583+0000] {local_task_job_runner.py:120} INFO - ::group::Pre task execution logs
[2026-02-03T20:35:01.604+0000] {taskinstance.py:2076} INFO - Dependencies all met for dep_context=non-requeueable deps ti=<TaskInstance: iot_temperature_processing.clean_temperature manual__2026-02-03T20:34:55.901139+00:00 [queued]>
[2026-02-03T20:35:01.609+0000] {taskinstance.py:2076} INFO - Dependencies all met for dep_context=requeueable deps ti=<TaskInstance: iot_temperature_processing.clean_temperature manual__2026-02-03T20:34:55.901139+00:00 [queued]>
[2026-02-03T20:35:01.610+0000] {taskinstance.py:2306} INFO - Starting attempt 1 of 2
[2026-02-03T20:35:01.620+0000] {taskinstance.py:2330} INFO - Executing <Task(PythonOperator): clean_temperature> on 2026-02-03 20:34:55.901139+00:00
[2026-02-03T20:35:01.627+0000] {standard_task_runner.py:90} INFO - Running: ['***', 'tasks', 'run', 'iot_temperature_processing', 'clean_temperature', 'manual__2026-02-03T20:34:55.901139+00:00', '--job-id', '3', '--raw', '--subdir', 'DAGS_FOLDER/iot_temperature_processing.py', '--cfg-path', '/tmp/tmpcu19hjbz']
[2026-02-03T20:35:01.630+0000] {standard_task_runner.py:91} INFO - Job 3: Subtask clean_temperature
[2026-02-03T20:35:01.629+0000] {logging_mixin.py:188} WARNING - /home/***/.local/lib/python3.12/site-packages/***/task/task_runner/standard_task_runner.py:62 DeprecationWarning: This process (pid=73) is multi-threaded, use of fork() may lead to deadlocks in the child.
[2026-02-03T20:35:01.630+0000] {standard_task_runner.py:64} INFO - Started process 94 to run task
[2026-02-03T20:35:01.676+0000] {task_command.py:426} INFO - Running <TaskInstance: iot_temperature_processing.clean_temperature manual__2026-02-03T20:34:55.901139+00:00 [running]> on host 4efbb308b6fe
[2026-02-03T20:35:01.751+0000] {taskinstance.py:2648} INFO - Exporting env vars: AIRFLOW_CTX_DAG_OWNER='***' AIRFLOW_CTX_DAG_ID='iot_temperature_processing' AIRFLOW_CTX_TASK_ID='clean_temperature' AIRFLOW_CTX_EXECUTION_DATE='2026-02-03T20:34:55.901139+00:00' AIRFLOW_CTX_TRY_NUMBER='1' AIRFLOW_CTX_DAG_RUN_ID='manual__2026-02-03T20:34:55.901139+00:00'
[2026-02-03T20:35:01.752+0000] {taskinstance.py:430} INFO - ::endgroup::
[2026-02-03T20:35:01.879+0000] {logging_mixin.py:188} INFO - ✓ Очистка завершена:
[2026-02-03T20:35:01.879+0000] {logging_mixin.py:188} INFO -   - Диапазон температур: [27.00°C, 34.00°C]
[2026-02-03T20:35:01.879+0000] {logging_mixin.py:188} INFO -   - Удалено выбросов: 1345 из 20345 (6.61%)
[2026-02-03T20:35:01.879+0000] {logging_mixin.py:188} INFO -   - Осталось записей: 19000
[2026-02-03T20:35:01.880+0000] {python.py:237} INFO - Done. Returned value was: None
[2026-02-03T20:35:01.880+0000] {taskinstance.py:441} INFO - ::group::Post task execution logs
[2026-02-03T20:35:01.890+0000] {taskinstance.py:1206} INFO - Marking task as SUCCESS. dag_id=iot_temperature_processing, task_id=clean_temperature, run_id=manual__2026-02-03T20:34:55.901139+00:00, execution_date=20260203T203455, start_date=20260203T203501, end_date=20260203T203501
[2026-02-03T20:35:01.924+0000] {local_task_job_runner.py:243} INFO - Task exited with return code 0
[2026-02-03T20:35:01.941+0000] {taskinstance.py:3503} INFO - 1 downstream tasks scheduled from follow-on schedule check
[2026-02-03T20:35:01.943+0000] {local_task_job_runner.py:222} INFO - ::endgroup::
