[2026-02-03T20:35:04.277+0000] {local_task_job_runner.py:120} INFO - ::group::Pre task execution logs
[2026-02-03T20:35:04.297+0000] {taskinstance.py:2076} INFO - Dependencies all met for dep_context=non-requeueable deps ti=<TaskInstance: iot_temperature_processing.calculate_extreme_days manual__2026-02-03T20:34:55.901139+00:00 [queued]>
[2026-02-03T20:35:04.303+0000] {taskinstance.py:2076} INFO - Dependencies all met for dep_context=requeueable deps ti=<TaskInstance: iot_temperature_processing.calculate_extreme_days manual__2026-02-03T20:34:55.901139+00:00 [queued]>
[2026-02-03T20:35:04.303+0000] {taskinstance.py:2306} INFO - Starting attempt 1 of 2
[2026-02-03T20:35:04.312+0000] {taskinstance.py:2330} INFO - Executing <Task(PythonOperator): calculate_extreme_days> on 2026-02-03 20:34:55.901139+00:00
[2026-02-03T20:35:04.318+0000] {standard_task_runner.py:90} INFO - Running: ['***', 'tasks', 'run', 'iot_temperature_processing', 'calculate_extreme_days', 'manual__2026-02-03T20:34:55.901139+00:00', '--job-id', '4', '--raw', '--subdir', 'DAGS_FOLDER/iot_temperature_processing.py', '--cfg-path', '/tmp/tmpjz1ql5c0']
[2026-02-03T20:35:04.320+0000] {standard_task_runner.py:91} INFO - Job 4: Subtask calculate_extreme_days
[2026-02-03T20:35:04.321+0000] {logging_mixin.py:188} WARNING - /home/***/.local/lib/python3.12/site-packages/***/task/task_runner/standard_task_runner.py:62 DeprecationWarning: This process (pid=106) is multi-threaded, use of fork() may lead to deadlocks in the child.
[2026-02-03T20:35:04.321+0000] {standard_task_runner.py:64} INFO - Started process 127 to run task
[2026-02-03T20:35:04.360+0000] {task_command.py:426} INFO - Running <TaskInstance: iot_temperature_processing.calculate_extreme_days manual__2026-02-03T20:34:55.901139+00:00 [running]> on host 4efbb308b6fe
[2026-02-03T20:35:04.420+0000] {taskinstance.py:2648} INFO - Exporting env vars: AIRFLOW_CTX_DAG_OWNER='***' AIRFLOW_CTX_DAG_ID='iot_temperature_processing' AIRFLOW_CTX_TASK_ID='calculate_extreme_days' AIRFLOW_CTX_EXECUTION_DATE='2026-02-03T20:34:55.901139+00:00' AIRFLOW_CTX_TRY_NUMBER='1' AIRFLOW_CTX_DAG_RUN_ID='manual__2026-02-03T20:34:55.901139+00:00'
[2026-02-03T20:35:04.420+0000] {taskinstance.py:430} INFO - ::endgroup::
[2026-02-03T20:35:04.498+0000] {logging_mixin.py:188} INFO - 🔥 ТОП-5 самых жарких дней:
[2026-02-03T20:35:04.499+0000] {logging_mixin.py:188} INFO -   30. 2018-09-22 — 34.00°C
[2026-02-03T20:35:04.499+0000] {logging_mixin.py:188} INFO -   37. 2018-09-30 — 34.00°C
[2026-02-03T20:35:04.499+0000] {logging_mixin.py:188} INFO -   40. 2018-10-11 — 34.00°C
[2026-02-03T20:35:04.500+0000] {logging_mixin.py:188} INFO -   36. 2018-09-29 — 33.79°C
[2026-02-03T20:35:04.500+0000] {logging_mixin.py:188} INFO -   41. 2018-10-12 — 33.49°C
[2026-02-03T20:35:04.500+0000] {logging_mixin.py:188} INFO - 
❄️ ТОП-5 самых холодных дней:
[2026-02-03T20:35:04.500+0000] {logging_mixin.py:188} INFO -   15. 2018-09-06 — 27.41°C
[2026-02-03T20:35:04.500+0000] {logging_mixin.py:188} INFO -   14. 2018-09-05 — 27.89°C
[2026-02-03T20:35:04.501+0000] {logging_mixin.py:188} INFO -   68. 2018-12-04 — 28.12°C
[2026-02-03T20:35:04.501+0000] {logging_mixin.py:188} INFO -   70. 2018-12-06 — 28.27°C
[2026-02-03T20:35:04.501+0000] {logging_mixin.py:188} INFO -   65. 2018-11-27 — 28.45°C
[2026-02-03T20:35:04.501+0000] {python.py:237} INFO - Done. Returned value was: None
[2026-02-03T20:35:04.502+0000] {taskinstance.py:441} INFO - ::group::Post task execution logs
[2026-02-03T20:35:04.508+0000] {taskinstance.py:1206} INFO - Marking task as SUCCESS. dag_id=iot_temperature_processing, task_id=calculate_extreme_days, run_id=manual__2026-02-03T20:34:55.901139+00:00, execution_date=20260203T203455, start_date=20260203T203504, end_date=20260203T203504
[2026-02-03T20:35:04.535+0000] {local_task_job_runner.py:243} INFO - Task exited with return code 0
[2026-02-03T20:35:04.549+0000] {taskinstance.py:3503} INFO - 1 downstream tasks scheduled from follow-on schedule check
[2026-02-03T20:35:04.551+0000] {local_task_job_runner.py:222} INFO - ::endgroup::
