[2026-02-03T20:34:58.611+0000] {local_task_job_runner.py:120} INFO - ::group::Pre task execution logs
[2026-02-03T20:34:58.630+0000] {taskinstance.py:2076} INFO - Dependencies all met for dep_context=non-requeueable deps ti=<TaskInstance: iot_temperature_processing.load_and_filter_data manual__2026-02-03T20:34:55.901139+00:00 [queued]>
[2026-02-03T20:34:58.635+0000] {taskinstance.py:2076} INFO - Dependencies all met for dep_context=requeueable deps ti=<TaskInstance: iot_temperature_processing.load_and_filter_data manual__2026-02-03T20:34:55.901139+00:00 [queued]>
[2026-02-03T20:34:58.635+0000] {taskinstance.py:2306} INFO - Starting attempt 1 of 2
[2026-02-03T20:34:58.644+0000] {taskinstance.py:2330} INFO - Executing <Task(PythonOperator): load_and_filter_data> on 2026-02-03 20:34:55.901139+00:00
[2026-02-03T20:34:58.650+0000] {standard_task_runner.py:90} INFO - Running: ['***', 'tasks', 'run', 'iot_temperature_processing', 'load_and_filter_data', 'manual__2026-02-03T20:34:55.901139+00:00', '--job-id', '2', '--raw', '--subdir', 'DAGS_FOLDER/iot_temperature_processing.py', '--cfg-path', '/tmp/tmpq833isq1']
[2026-02-03T20:34:58.651+0000] {standard_task_runner.py:91} INFO - Job 2: Subtask load_and_filter_data
[2026-02-03T20:34:58.652+0000] {logging_mixin.py:188} WARNING - /home/***/.local/lib/python3.12/site-packages/***/task/task_runner/standard_task_runner.py:62 DeprecationWarning: This process (pid=49) is multi-threaded, use of fork() may lead to deadlocks in the child.
[2026-02-03T20:34:58.652+0000] {standard_task_runner.py:64} INFO - Started process 70 to run task
[2026-02-03T20:34:58.691+0000] {task_command.py:426} INFO - Running <TaskInstance: iot_temperature_processing.load_and_filter_data manual__2026-02-03T20:34:55.901139+00:00 [running]> on host 4efbb308b6fe
[2026-02-03T20:34:58.755+0000] {taskinstance.py:2648} INFO - Exporting env vars: AIRFLOW_CTX_DAG_OWNER='***' AIRFLOW_CTX_DAG_ID='iot_temperature_processing' AIRFLOW_CTX_TASK_ID='load_and_filter_data' AIRFLOW_CTX_EXECUTION_DATE='2026-02-03T20:34:55.901139+00:00' AIRFLOW_CTX_TRY_NUMBER='1' AIRFLOW_CTX_DAG_RUN_ID='manual__2026-02-03T20:34:55.901139+00:00'
[2026-02-03T20:34:58.756+0000] {taskinstance.py:430} INFO - ::endgroup::
[2026-02-03T20:34:58.882+0000] {logging_mixin.py:188} INFO - ✓ Загружено 97606 записей
[2026-02-03T20:34:58.882+0000] {logging_mixin.py:188} INFO -   Колонки: ['id', 'room_id/id', 'noted_date', 'temp', 'out/in']
[2026-02-03T20:34:58.890+0000] {logging_mixin.py:188} INFO -   Уникальные значения 'out/in': ['In' 'Out']
[2026-02-03T20:34:59.009+0000] {logging_mixin.py:188} INFO - ✓ Отфильтровано 20345 записей из 97606 (out/in = 'In')
[2026-02-03T20:34:59.010+0000] {logging_mixin.py:188} INFO - ✓ Преобразовано дат: 20345
[2026-02-03T20:34:59.010+0000] {python.py:237} INFO - Done. Returned value was: None
[2026-02-03T20:34:59.011+0000] {taskinstance.py:441} INFO - ::group::Post task execution logs
[2026-02-03T20:34:59.020+0000] {taskinstance.py:1206} INFO - Marking task as SUCCESS. dag_id=iot_temperature_processing, task_id=load_and_filter_data, run_id=manual__2026-02-03T20:34:55.901139+00:00, execution_date=20260203T203455, start_date=20260203T203458, end_date=20260203T203459
[2026-02-03T20:34:59.066+0000] {local_task_job_runner.py:243} INFO - Task exited with return code 0
[2026-02-03T20:34:59.081+0000] {taskinstance.py:3503} INFO - 1 downstream tasks scheduled from follow-on schedule check
[2026-02-03T20:34:59.083+0000] {local_task_job_runner.py:222} INFO - ::endgroup::
