[2026-02-03T20:35:06.929+0000] {local_task_job_runner.py:120} INFO - ::group::Pre task execution logs
[2026-02-03T20:35:06.953+0000] {taskinstance.py:2076} INFO - Dependencies all met for dep_context=non-requeueable deps ti=<TaskInstance: iot_temperature_processing.generate_report manual__2026-02-03T20:34:55.901139+00:00 [queued]>
[2026-02-03T20:35:06.959+0000] {taskinstance.py:2076} INFO - Dependencies all met for dep_context=requeueable deps ti=<TaskInstance: iot_temperature_processing.generate_report manual__2026-02-03T20:34:55.901139+00:00 [queued]>
[2026-02-03T20:35:06.959+0000] {taskinstance.py:2306} INFO - Starting attempt 1 of 2
[2026-02-03T20:35:06.968+0000] {taskinstance.py:2330} INFO - Executing <Task(PythonOperator): generate_report> on 2026-02-03 20:34:55.901139+00:00
[2026-02-03T20:35:06.977+0000] {logging_mixin.py:188} WARNING - /home/***/.local/lib/python3.12/site-packages/***/task/task_runner/standard_task_runner.py:62 DeprecationWarning: This process (pid=137) is multi-threaded, use of fork() may lead to deadlocks in the child.
[2026-02-03T20:35:06.975+0000] {standard_task_runner.py:90} INFO - Running: ['***', 'tasks', 'run', 'iot_temperature_processing', 'generate_report', 'manual__2026-02-03T20:34:55.901139+00:00', '--job-id', '5', '--raw', '--subdir', 'DAGS_FOLDER/iot_temperature_processing.py', '--cfg-path', '/tmp/tmpjhuvu0vf']
[2026-02-03T20:35:06.977+0000] {standard_task_runner.py:91} INFO - Job 5: Subtask generate_report
[2026-02-03T20:35:06.977+0000] {standard_task_runner.py:64} INFO - Started process 158 to run task
[2026-02-03T20:35:07.015+0000] {task_command.py:426} INFO - Running <TaskInstance: iot_temperature_processing.generate_report manual__2026-02-03T20:34:55.901139+00:00 [running]> on host 4efbb308b6fe
[2026-02-03T20:35:07.080+0000] {taskinstance.py:2648} INFO - Exporting env vars: AIRFLOW_CTX_DAG_OWNER='***' AIRFLOW_CTX_DAG_ID='iot_temperature_processing' AIRFLOW_CTX_TASK_ID='generate_report' AIRFLOW_CTX_EXECUTION_DATE='2026-02-03T20:34:55.901139+00:00' AIRFLOW_CTX_TRY_NUMBER='1' AIRFLOW_CTX_DAG_RUN_ID='manual__2026-02-03T20:34:55.901139+00:00'
[2026-02-03T20:35:07.081+0000] {taskinstance.py:430} INFO - ::endgroup::
[2026-02-03T20:35:07.140+0000] {logging_mixin.py:188} INFO - 
==========================================
ОТЧЁТ ПО ОБРАБОТКЕ ДАННЫХ IOT-ТЕМПЕРАТУРЫ
==========================================
Дата обработки: 2026-02-03 20:35:07

Исходные данные:
  - Всего записей: 97606
  - Записей после фильтрации (out/in = 'In'): 20345
  - Процент отфильтрованных: 20.84%

Очистка температуры:
  - 5-й перцентиль: 27.00°C
  - 95-й перцентиль: 34.00°C
  - Удалено выбросов: 1345
  - Осталось записей после очистки: 19000

Экстремальные дни:
  Самые жаркие:
    1. 2018-09-22 — 34.00°C
    2. 2018-09-30 — 34.00°C
    3. 2018-10-11 — 34.00°C
    4. 2018-09-29 — 33.79°C
    5. 2018-10-12 — 33.49°C

  Самые холодные:
    1. 2018-09-06 — 27.41°C
    2. 2018-09-05 — 27.89°C
    3. 2018-12-04 — 28.12°C
    4. 2018-12-06 — 28.27°C
    5. 2018-11-27 — 28.45°C

Результаты сохранены в:
  - /opt/***/processed/hottest_days.csv
  - /opt/***/processed/coldest_days.csv
==========================================
[2026-02-03T20:35:07.140+0000] {python.py:237} INFO - Done. Returned value was: None
[2026-02-03T20:35:07.141+0000] {taskinstance.py:441} INFO - ::group::Post task execution logs
[2026-02-03T20:35:07.147+0000] {taskinstance.py:1206} INFO - Marking task as SUCCESS. dag_id=iot_temperature_processing, task_id=generate_report, run_id=manual__2026-02-03T20:34:55.901139+00:00, execution_date=20260203T203455, start_date=20260203T203506, end_date=20260203T203507
[2026-02-03T20:35:07.191+0000] {local_task_job_runner.py:243} INFO - Task exited with return code 0
[2026-02-03T20:35:07.201+0000] {taskinstance.py:3503} INFO - 0 downstream tasks scheduled from follow-on schedule check
[2026-02-03T20:35:07.204+0000] {local_task_job_runner.py:222} INFO - ::endgroup::
