[2026-02-03T20:15:51.795+0000] {local_task_job_runner.py:120} INFO - ::group::Pre task execution logs
[2026-02-03T20:15:51.815+0000] {taskinstance.py:2076} INFO - Dependencies all met for dep_context=non-requeueable deps ti=<TaskInstance: iot_temperature_processing.clean_temperature scheduled__2026-02-02T02:00:00+00:00 [queued]>
[2026-02-03T20:15:51.820+0000] {taskinstance.py:2076} INFO - Dependencies all met for dep_context=requeueable deps ti=<TaskInstance: iot_temperature_processing.clean_temperature scheduled__2026-02-02T02:00:00+00:00 [queued]>
[2026-02-03T20:15:51.820+0000] {taskinstance.py:2306} INFO - Starting attempt 2 of 2
[2026-02-03T20:15:51.830+0000] {taskinstance.py:2330} INFO - Executing <Task(PythonOperator): clean_temperature> on 2026-02-02 02:00:00+00:00
[2026-02-03T20:15:51.838+0000] {logging_mixin.py:188} WARNING - /home/***/.local/lib/python3.12/site-packages/***/task/task_runner/standard_task_runner.py:62 DeprecationWarning: This process (pid=132) is multi-threaded, use of fork() may lead to deadlocks in the child.
[2026-02-03T20:15:51.838+0000] {standard_task_runner.py:90} INFO - Running: ['***', 'tasks', 'run', 'iot_temperature_processing', 'clean_temperature', 'scheduled__2026-02-02T02:00:00+00:00', '--job-id', '4', '--raw', '--subdir', 'DAGS_FOLDER/iot_temperature_processing.py', '--cfg-path', '/tmp/tmp1sqeso1z']
[2026-02-03T20:15:51.839+0000] {standard_task_runner.py:64} INFO - Started process 153 to run task
[2026-02-03T20:15:51.839+0000] {standard_task_runner.py:91} INFO - Job 4: Subtask clean_temperature
[2026-02-03T20:15:51.881+0000] {task_command.py:426} INFO - Running <TaskInstance: iot_temperature_processing.clean_temperature scheduled__2026-02-02T02:00:00+00:00 [running]> on host 2a62e458ef58
[2026-02-03T20:15:51.945+0000] {taskinstance.py:2648} INFO - Exporting env vars: AIRFLOW_CTX_DAG_OWNER='***' AIRFLOW_CTX_DAG_ID='iot_temperature_processing' AIRFLOW_CTX_TASK_ID='clean_temperature' AIRFLOW_CTX_EXECUTION_DATE='2026-02-02T02:00:00+00:00' AIRFLOW_CTX_TRY_NUMBER='2' AIRFLOW_CTX_DAG_RUN_ID='scheduled__2026-02-02T02:00:00+00:00'
[2026-02-03T20:15:51.946+0000] {taskinstance.py:430} INFO - ::endgroup::
[2026-02-03T20:15:52.007+0000] {taskinstance.py:441} INFO - ::group::Post task execution logs
[2026-02-03T20:15:52.007+0000] {taskinstance.py:2905} ERROR - Task failed with exception
Traceback (most recent call last):
  File "/home/airflow/.local/lib/python3.12/site-packages/airflow/models/taskinstance.py", line 465, in _execute_task
    result = _execute_callable(context=context, **execute_callable_kwargs)
             ^^^^^^^^^^^^^^^^^^^^^^^^^^^^^^^^^^^^^^^^^^^^^^^^^^^^^^^^^^^^^
  File "/home/airflow/.local/lib/python3.12/site-packages/airflow/models/taskinstance.py", line 432, in _execute_callable
    return execute_callable(context=context, **execute_callable_kwargs)
           ^^^^^^^^^^^^^^^^^^^^^^^^^^^^^^^^^^^^^^^^^^^^^^^^^^^^^^^^^^^^
  File "/home/airflow/.local/lib/python3.12/site-packages/airflow/models/baseoperator.py", line 401, in wrapper
    return func(self, *args, **kwargs)
           ^^^^^^^^^^^^^^^^^^^^^^^^^^^
  File "/home/airflow/.local/lib/python3.12/site-packages/airflow/operators/python.py", line 235, in execute
    return_value = self.execute_callable()
                   ^^^^^^^^^^^^^^^^^^^^^^^
  File "/home/airflow/.local/lib/python3.12/site-packages/airflow/operators/python.py", line 252, in execute_callable
    return self.python_callable(*self.op_args, **self.op_kwargs)
           ^^^^^^^^^^^^^^^^^^^^^^^^^^^^^^^^^^^^^^^^^^^^^^^^^^^^^
  File "/opt/airflow/dags/iot_temperature_processing.py", line 65, in clean_temperature
    print(f"Удалено выбросов: {outliers_removed} ({outliers_removed/len(df)*100:.2f}%)")
                                                   ~~~~~~~~~~~~~~~~^~~~~~~~
ZeroDivisionError: division by zero
[2026-02-03T20:15:52.014+0000] {taskinstance.py:1206} INFO - Marking task as FAILED. dag_id=iot_temperature_processing, task_id=clean_temperature, run_id=scheduled__2026-02-02T02:00:00+00:00, execution_date=20260202T020000, start_date=20260203T201551, end_date=20260203T201552
[2026-02-03T20:15:52.021+0000] {standard_task_runner.py:110} ERROR - Failed to execute job 4 for task clean_temperature (division by zero; 153)
[2026-02-03T20:15:52.054+0000] {local_task_job_runner.py:243} INFO - Task exited with return code 1
[2026-02-03T20:15:52.068+0000] {taskinstance.py:3503} INFO - 0 downstream tasks scheduled from follow-on schedule check
[2026-02-03T20:15:52.071+0000] {local_task_job_runner.py:222} INFO - ::endgroup::
